2022-05-20 14:08:28,800 INFO org.hibernate.validator.internal.util.Version [background-preinit] HV000001: Hibernate Validator 6.2.0.Final
2022-05-20 14:08:28,806 INFO org.springframework.boot.StartupInfoLogger [restartedMain] Starting RestFraudeApplication using Java 11.0.13 on DESKTOP-NILTSUQ with PID 13232 (C:\Users\Usuario\Desktop\Archivos de clases MircoS\RESTFraude\target\classes started by Usuario in C:\Users\Usuario\Desktop\Archivos de clases MircoS\RESTFraude)
2022-05-20 14:08:28,808 INFO org.springframework.boot.SpringApplication [restartedMain] No active profile set, falling back to default profiles: default
2022-05-20 14:08:28,856 INFO org.springframework.boot.logging.DeferredLog [restartedMain] Devtools property defaults active! Set 'spring.devtools.add-properties' to 'false' to disable
2022-05-20 14:08:28,857 INFO org.springframework.boot.logging.DeferredLog [restartedMain] For additional web related logging consider setting the 'logging.level.web' property to 'DEBUG'
2022-05-20 14:08:29,844 INFO org.springframework.data.repository.config.RepositoryConfigurationDelegate [restartedMain] Bootstrapping Spring Data JPA repositories in DEFAULT mode.
2022-05-20 14:08:30,061 INFO org.springframework.data.repository.config.RepositoryConfigurationDelegate [restartedMain] Finished Spring Data repository scanning in 207 ms. Found 1 JPA repository interfaces.
2022-05-20 14:08:30,388 INFO org.springframework.cloud.context.scope.GenericScope [restartedMain] BeanFactory id=25b59d1f-da82-3239-90ad-6a5ed2024dee
2022-05-20 14:08:31,266 INFO org.springframework.boot.web.embedded.tomcat.TomcatWebServer [restartedMain] Tomcat initialized with port(s): 0 (http)
2022-05-20 14:08:31,279 INFO org.apache.juli.logging.DirectJDKLog [restartedMain] Initializing ProtocolHandler ["http-nio-auto-1"]
2022-05-20 14:08:31,279 INFO org.apache.juli.logging.DirectJDKLog [restartedMain] Starting service [Tomcat]
2022-05-20 14:08:31,279 INFO org.apache.juli.logging.DirectJDKLog [restartedMain] Starting Servlet engine: [Apache Tomcat/9.0.56]
2022-05-20 14:08:31,427 INFO org.apache.juli.logging.DirectJDKLog [restartedMain] Initializing Spring embedded WebApplicationContext
2022-05-20 14:08:31,428 INFO org.springframework.boot.web.servlet.context.ServletWebServerApplicationContext [restartedMain] Root WebApplicationContext: initialization completed in 2571 ms
2022-05-20 14:08:31,478 INFO com.zaxxer.hikari.HikariDataSource [restartedMain] HikariPool-1 - Starting...
2022-05-20 14:08:31,694 INFO com.zaxxer.hikari.HikariDataSource [restartedMain] HikariPool-1 - Start completed.
2022-05-20 14:08:31,706 INFO org.springframework.boot.autoconfigure.h2.H2ConsoleAutoConfiguration [restartedMain] H2 console available at '/h2-console'. Database available at 'jdbc:h2:mem:fraudes'
2022-05-20 14:08:31,893 INFO org.hibernate.jpa.internal.util.LogHelper [restartedMain] HHH000204: Processing PersistenceUnitInfo [name: default]
2022-05-20 14:08:31,966 INFO org.hibernate.Version [restartedMain] HHH000412: Hibernate ORM core version 5.6.4.Final
2022-05-20 14:08:32,177 INFO org.hibernate.annotations.common.reflection.java.JavaReflectionManager [restartedMain] HCANN000001: Hibernate Commons Annotations {5.1.2.Final}
2022-05-20 14:08:32,325 INFO org.hibernate.dialect.Dialect [restartedMain] HHH000400: Using dialect: org.hibernate.dialect.H2Dialect
2022-05-20 14:08:33,111 INFO org.hibernate.engine.transaction.jta.platform.internal.JtaPlatformInitiator [restartedMain] HHH000490: Using JtaPlatform implementation: [org.hibernate.engine.transaction.jta.platform.internal.NoJtaPlatform]
2022-05-20 14:08:33,120 INFO org.springframework.orm.jpa.AbstractEntityManagerFactoryBean [restartedMain] Initialized JPA EntityManagerFactory for persistence unit 'default'
2022-05-20 14:08:33,259 WARN org.springframework.boot.autoconfigure.orm.jpa.JpaBaseConfiguration$JpaWebConfiguration [restartedMain] spring.jpa.open-in-view is enabled by default. Therefore, database queries may be performed during view rendering. Explicitly configure spring.jpa.open-in-view to disable this warning
2022-05-20 14:08:33,385 WARN org.springframework.boot.devtools.autoconfigure.OptionalLiveReloadServer [restartedMain] Unable to start LiveReload server
2022-05-20 14:08:35,068 INFO org.springframework.cloud.netflix.eureka.config.DiscoveryClientOptionalArgsConfiguration [restartedMain] Eureka HTTP Client uses RestTemplate.
2022-05-20 14:08:35,315 WARN org.springframework.cloud.loadbalancer.config.LoadBalancerCacheAutoConfiguration$LoadBalancerCaffeineWarnLogger [restartedMain] Spring Cloud LoadBalancer is currently working with the default cache. While this cache implementation is useful for development and tests, it's recommended to use Caffeine cache in production.You can switch to using Caffeine cache, by adding it and org.springframework.cache.caffeine.CaffeineCacheManager to the classpath.
2022-05-20 14:08:35,396 INFO org.apache.juli.logging.DirectJDKLog [restartedMain] Starting ProtocolHandler ["http-nio-auto-1"]
2022-05-20 14:08:35,415 INFO org.springframework.boot.web.embedded.tomcat.TomcatWebServer [restartedMain] Tomcat started on port(s): 55360 (http) with context path '/api/v1/rest-fraudes'
2022-05-20 14:08:35,416 INFO org.springframework.cloud.netflix.eureka.serviceregistry.EurekaAutoServiceRegistration [restartedMain] Updating port to 55360
2022-05-20 14:08:35,422 INFO org.springframework.cloud.netflix.eureka.InstanceInfoFactory [restartedMain] Setting initial instance status as: STARTING
2022-05-20 14:08:35,465 INFO com.netflix.discovery.DiscoveryClient [restartedMain] Initializing Eureka in region us-east-1
2022-05-20 14:08:35,471 INFO com.netflix.discovery.shared.resolver.aws.ConfigClusterResolver [restartedMain] Resolving eureka endpoints via configuration
2022-05-20 14:08:35,498 INFO com.netflix.discovery.DiscoveryClient [restartedMain] Disable delta property : false
2022-05-20 14:08:35,499 INFO com.netflix.discovery.DiscoveryClient [restartedMain] Single vip registry refresh property : null
2022-05-20 14:08:35,499 INFO com.netflix.discovery.DiscoveryClient [restartedMain] Force full registry fetch : false
2022-05-20 14:08:35,499 INFO com.netflix.discovery.DiscoveryClient [restartedMain] Application is null : false
2022-05-20 14:08:35,499 INFO com.netflix.discovery.DiscoveryClient [restartedMain] Registered Applications size is zero : true
2022-05-20 14:08:35,499 INFO com.netflix.discovery.DiscoveryClient [restartedMain] Application version is -1: true
2022-05-20 14:08:35,499 INFO com.netflix.discovery.DiscoveryClient [restartedMain] Getting all instance registry info from the eureka server
2022-05-20 14:08:35,960 INFO com.netflix.discovery.DiscoveryClient [restartedMain] The response status is 200
2022-05-20 14:08:35,962 INFO com.netflix.discovery.DiscoveryClient [restartedMain] Starting heartbeat executor: renew interval is: 30
2022-05-20 14:08:35,965 INFO com.netflix.discovery.InstanceInfoReplicator [restartedMain] InstanceInfoReplicator onDemand update allowed rate per min is 4
2022-05-20 14:08:35,970 INFO com.netflix.discovery.DiscoveryClient [restartedMain] Discovery Client initialized at timestamp 1653073715969 with initial instances count: 0
2022-05-20 14:08:35,981 INFO org.springframework.cloud.netflix.eureka.serviceregistry.EurekaServiceRegistry [restartedMain] Registering application API-FRAUDES with eureka with status UP
2022-05-20 14:08:35,981 INFO com.netflix.discovery.DiscoveryClient$3 [restartedMain] Saw local status change event StatusChangeEvent [timestamp=1653073715981, current=UP, previous=STARTING]
2022-05-20 14:08:35,983 INFO com.netflix.discovery.DiscoveryClient [DiscoveryClient-InstanceInfoReplicator-0] DiscoveryClient_API-FRAUDES/api-fraudes:e4eb5b267be3ea09d660d7da2cd5e2a1: registering service...
2022-05-20 14:08:36,095 INFO com.netflix.discovery.DiscoveryClient [DiscoveryClient-InstanceInfoReplicator-0] DiscoveryClient_API-FRAUDES/api-fraudes:e4eb5b267be3ea09d660d7da2cd5e2a1 - registration status: 204
2022-05-20 14:08:36,105 INFO org.springframework.boot.StartupInfoLogger [restartedMain] Started RestFraudeApplication in 7.881 seconds (JVM running for 9.126)
2022-05-20 14:09:05,968 INFO com.netflix.discovery.DiscoveryClient [DiscoveryClient-CacheRefreshExecutor-0] Disable delta property : false
2022-05-20 14:09:05,969 INFO com.netflix.discovery.DiscoveryClient [DiscoveryClient-CacheRefreshExecutor-0] Single vip registry refresh property : null
2022-05-20 14:09:05,969 INFO com.netflix.discovery.DiscoveryClient [DiscoveryClient-CacheRefreshExecutor-0] Force full registry fetch : false
2022-05-20 14:09:05,969 INFO com.netflix.discovery.DiscoveryClient [DiscoveryClient-CacheRefreshExecutor-0] Application is null : false
2022-05-20 14:09:05,969 INFO com.netflix.discovery.DiscoveryClient [DiscoveryClient-CacheRefreshExecutor-0] Registered Applications size is zero : true
2022-05-20 14:09:05,969 INFO com.netflix.discovery.DiscoveryClient [DiscoveryClient-CacheRefreshExecutor-0] Application version is -1: false
2022-05-20 14:09:05,969 INFO com.netflix.discovery.DiscoveryClient [DiscoveryClient-CacheRefreshExecutor-0] Getting all instance registry info from the eureka server
2022-05-20 14:09:05,991 INFO com.netflix.discovery.DiscoveryClient [DiscoveryClient-CacheRefreshExecutor-0] The response status is 200
2022-05-20 14:09:17,617 INFO org.apache.juli.logging.DirectJDKLog [http-nio-auto-1-exec-1] Initializing Spring DispatcherServlet 'dispatcherServlet'
2022-05-20 14:09:17,618 INFO org.springframework.web.servlet.FrameworkServlet [http-nio-auto-1-exec-1] Initializing Servlet 'dispatcherServlet'
2022-05-20 14:09:17,619 INFO org.springframework.web.servlet.FrameworkServlet [http-nio-auto-1-exec-1] Completed initialization in 1 ms
2022-05-20 14:09:18,498 INFO com.ibm.academia.restapi.fraude.controladores.FraudeController [http-nio-auto-1-exec-1] error: org.json.JSONException: JSONObject["rates"] not found.
2022-05-20 14:09:23,885 INFO com.ibm.academia.restapi.fraude.controladores.FraudeController [http-nio-auto-1-exec-2] error: org.json.JSONException: JSONObject["rates"] not found.
2022-05-20 14:10:02,565 INFO org.springframework.boot.admin.SpringApplicationAdminMXBeanRegistrar$SpringApplicationAdmin [RMI TCP Connection(11)-127.0.0.1] Application shutdown requested.
2022-05-20 14:10:02,566 INFO org.springframework.cloud.netflix.eureka.serviceregistry.EurekaServiceRegistry [RMI TCP Connection(11)-127.0.0.1] Unregistering application API-FRAUDES with eureka with status DOWN
2022-05-20 14:10:02,567 INFO com.netflix.discovery.DiscoveryClient$3 [RMI TCP Connection(11)-127.0.0.1] Saw local status change event StatusChangeEvent [timestamp=1653073802567, current=DOWN, previous=UP]
2022-05-20 14:10:02,567 INFO com.netflix.discovery.DiscoveryClient [DiscoveryClient-InstanceInfoReplicator-0] DiscoveryClient_API-FRAUDES/api-fraudes:e4eb5b267be3ea09d660d7da2cd5e2a1: registering service...
2022-05-20 14:10:02,574 INFO com.netflix.discovery.DiscoveryClient [DiscoveryClient-InstanceInfoReplicator-0] DiscoveryClient_API-FRAUDES/api-fraudes:e4eb5b267be3ea09d660d7da2cd5e2a1 - registration status: 204
2022-05-20 14:10:02,666 INFO org.springframework.orm.jpa.AbstractEntityManagerFactoryBean [RMI TCP Connection(11)-127.0.0.1] Closing JPA EntityManagerFactory for persistence unit 'default'
2022-05-20 14:10:02,667 INFO org.hibernate.tool.schema.internal.SchemaDropperImpl$DelayedDropActionImpl [RMI TCP Connection(11)-127.0.0.1] HHH000477: Starting delayed evictData of schema as part of SessionFactory shut-down'
2022-05-20 14:10:02,886 WARN org.springframework.beans.factory.support.DisposableBeanAdapter [RMI TCP Connection(11)-127.0.0.1] Invocation of destroy method failed on bean with name 'inMemoryDatabaseShutdownExecutor': org.h2.jdbc.JdbcSQLNonTransientConnectionException: La base de datos ya esta cerrada (para des-habilitar el cerrado automatico durante el shutdown de la VM, agregue ";DB_CLOSE_ON_EXIT=FALSE" a la URL de conexión)
Database is already closed (to disable automatic closing at VM shutdown, add ";DB_CLOSE_ON_EXIT=FALSE" to the db URL) [90121-200]
2022-05-20 14:10:02,888 INFO com.zaxxer.hikari.HikariDataSource [RMI TCP Connection(11)-127.0.0.1] HikariPool-1 - Shutdown initiated...
2022-05-20 14:10:02,892 INFO com.zaxxer.hikari.HikariDataSource [RMI TCP Connection(11)-127.0.0.1] HikariPool-1 - Shutdown completed.
2022-05-20 14:10:02,893 INFO com.netflix.discovery.DiscoveryClient [RMI TCP Connection(11)-127.0.0.1] Shutting down DiscoveryClient ...
2022-05-20 14:10:05,898 INFO com.netflix.discovery.DiscoveryClient [RMI TCP Connection(11)-127.0.0.1] Unregistering ...
2022-05-20 14:10:10,018 INFO com.netflix.discovery.shared.transport.decorator.RedirectingEurekaHttpClient [RMI TCP Connection(11)-127.0.0.1] Request execution error. endpoint=DefaultEndpoint{ serviceUrl='http://localhost:8761/eureka/} exception=I/O error on DELETE request for "http://localhost:8761/eureka/apps/API-FRAUDES/api-fraudes:e4eb5b267be3ea09d660d7da2cd5e2a1": Connect to localhost:8761 [localhost/127.0.0.1, localhost/0:0:0:0:0:0:0:1] failed: Connection refused: connect; nested exception is org.apache.http.conn.HttpHostConnectException: Connect to localhost:8761 [localhost/127.0.0.1, localhost/0:0:0:0:0:0:0:1] failed: Connection refused: connect stacktrace=org.springframework.web.client.ResourceAccessException: I/O error on DELETE request for "http://localhost:8761/eureka/apps/API-FRAUDES/api-fraudes:e4eb5b267be3ea09d660d7da2cd5e2a1": Connect to localhost:8761 [localhost/127.0.0.1, localhost/0:0:0:0:0:0:0:1] failed: Connection refused: connect; nested exception is org.apache.http.conn.HttpHostConnectException: Connect to localhost:8761 [localhost/127.0.0.1, localhost/0:0:0:0:0:0:0:1] failed: Connection refused: connect
	at org.springframework.web.client.RestTemplate.doExecute(RestTemplate.java:785)
	at org.springframework.web.client.RestTemplate.execute(RestTemplate.java:711)
	at org.springframework.web.client.RestTemplate.exchange(RestTemplate.java:602)
	at org.springframework.cloud.netflix.eureka.http.RestTemplateEurekaHttpClient.cancel(RestTemplateEurekaHttpClient.java:87)
	at com.netflix.discovery.shared.transport.decorator.EurekaHttpClientDecorator$2.execute(EurekaHttpClientDecorator.java:74)
	at com.netflix.discovery.shared.transport.decorator.RedirectingEurekaHttpClient.execute(RedirectingEurekaHttpClient.java:91)
	at com.netflix.discovery.shared.transport.decorator.EurekaHttpClientDecorator.cancel(EurekaHttpClientDecorator.java:71)
	at com.netflix.discovery.shared.transport.decorator.EurekaHttpClientDecorator$2.execute(EurekaHttpClientDecorator.java:74)
	at com.netflix.discovery.shared.transport.decorator.RetryableEurekaHttpClient.execute(RetryableEurekaHttpClient.java:120)
	at com.netflix.discovery.shared.transport.decorator.EurekaHttpClientDecorator.cancel(EurekaHttpClientDecorator.java:71)
	at com.netflix.discovery.shared.transport.decorator.EurekaHttpClientDecorator$2.execute(EurekaHttpClientDecorator.java:74)
	at com.netflix.discovery.shared.transport.decorator.SessionedEurekaHttpClient.execute(SessionedEurekaHttpClient.java:77)
	at com.netflix.discovery.shared.transport.decorator.EurekaHttpClientDecorator.cancel(EurekaHttpClientDecorator.java:71)
	at com.netflix.discovery.DiscoveryClient.unregister(DiscoveryClient.java:972)
	at com.netflix.discovery.DiscoveryClient.shutdown(DiscoveryClient.java:948)
	at java.base/jdk.internal.reflect.NativeMethodAccessorImpl.invoke0(Native Method)
	at java.base/jdk.internal.reflect.NativeMethodAccessorImpl.invoke(NativeMethodAccessorImpl.java:62)
	at java.base/jdk.internal.reflect.DelegatingMethodAccessorImpl.invoke(DelegatingMethodAccessorImpl.java:43)
	at java.base/java.lang.reflect.Method.invoke(Method.java:566)
	at org.springframework.beans.factory.annotation.InitDestroyAnnotationBeanPostProcessor$LifecycleElement.invoke(InitDestroyAnnotationBeanPostProcessor.java:389)
	at org.springframework.beans.factory.annotation.InitDestroyAnnotationBeanPostProcessor$LifecycleMetadata.invokeDestroyMethods(InitDestroyAnnotationBeanPostProcessor.java:347)
	at org.springframework.beans.factory.annotation.InitDestroyAnnotationBeanPostProcessor.postProcessBeforeDestruction(InitDestroyAnnotationBeanPostProcessor.java:177)
	at org.springframework.beans.factory.support.DisposableBeanAdapter.destroy(DisposableBeanAdapter.java:196)
	at org.springframework.beans.factory.support.DisposableBeanAdapter.run(DisposableBeanAdapter.java:189)
	at org.springframework.cloud.context.scope.GenericScope$BeanLifecycleWrapper.destroy(GenericScope.java:390)
	at org.springframework.cloud.context.scope.GenericScope.destroy(GenericScope.java:136)
	at org.springframework.beans.factory.support.DisposableBeanAdapter.destroy(DisposableBeanAdapter.java:212)
	at org.springframework.beans.factory.support.DefaultSingletonBeanRegistry.destroyBean(DefaultSingletonBeanRegistry.java:587)
	at org.springframework.beans.factory.support.DefaultSingletonBeanRegistry.destroySingleton(DefaultSingletonBeanRegistry.java:559)
	at org.springframework.beans.factory.support.DefaultListableBeanFactory.destroySingleton(DefaultListableBeanFactory.java:1161)
	at org.springframework.beans.factory.support.DefaultSingletonBeanRegistry.destroySingletons(DefaultSingletonBeanRegistry.java:520)
	at org.springframework.beans.factory.support.DefaultListableBeanFactory.destroySingletons(DefaultListableBeanFactory.java:1154)
	at org.springframework.context.support.AbstractApplicationContext.destroyBeans(AbstractApplicationContext.java:1106)
	at org.springframework.context.support.AbstractApplicationContext.doClose(AbstractApplicationContext.java:1075)
	at org.springframework.boot.web.servlet.context.ServletWebServerApplicationContext.doClose(ServletWebServerApplicationContext.java:172)
	at org.springframework.context.support.AbstractApplicationContext.close(AbstractApplicationContext.java:1021)
	at org.springframework.boot.admin.SpringApplicationAdminMXBeanRegistrar$SpringApplicationAdmin.shutdown(SpringApplicationAdminMXBeanRegistrar.java:160)
	at java.base/jdk.internal.reflect.NativeMethodAccessorImpl.invoke0(Native Method)
	at java.base/jdk.internal.reflect.NativeMethodAccessorImpl.invoke(NativeMethodAccessorImpl.java:62)
	at java.base/jdk.internal.reflect.DelegatingMethodAccessorImpl.invoke(DelegatingMethodAccessorImpl.java:43)
	at java.base/java.lang.reflect.Method.invoke(Method.java:566)
	at sun.reflect.misc.Trampoline.invoke(MethodUtil.java:71)
	at jdk.internal.reflect.GeneratedMethodAccessor76.invoke(Unknown Source)
	at java.base/jdk.internal.reflect.DelegatingMethodAccessorImpl.invoke(DelegatingMethodAccessorImpl.java:43)
	at java.base/java.lang.reflect.Method.invoke(Method.java:566)
	at java.base/sun.reflect.misc.MethodUtil.invoke(MethodUtil.java:260)
	at java.management/com.sun.jmx.mbeanserver.ConvertingMethod.invokeWithOpenReturn(ConvertingMethod.java:193)
	at java.management/com.sun.jmx.mbeanserver.ConvertingMethod.invokeWithOpenReturn(ConvertingMethod.java:175)
	at java.management/com.sun.jmx.mbeanserver.MXBeanIntrospector.invokeM2(MXBeanIntrospector.java:117)
	at java.management/com.sun.jmx.mbeanserver.MXBeanIntrospector.invokeM2(MXBeanIntrospector.java:54)
	at java.management/com.sun.jmx.mbeanserver.MBeanIntrospector.invokeM(MBeanIntrospector.java:237)
	at java.management/com.sun.jmx.mbeanserver.PerInterface.invoke(PerInterface.java:138)
	at java.management/com.sun.jmx.mbeanserver.MBeanSupport.invoke(MBeanSupport.java:252)
	at java.management/com.sun.jmx.interceptor.DefaultMBeanServerInterceptor.invoke(DefaultMBeanServerInterceptor.java:809)
	at java.management/com.sun.jmx.mbeanserver.JmxMBeanServer.invoke(JmxMBeanServer.java:801)
	at java.management.rmi/javax.management.remote.rmi.RMIConnectionImpl.doOperation(RMIConnectionImpl.java:1466)
	at java.management.rmi/javax.management.remote.rmi.RMIConnectionImpl$PrivilegedOperation.run(RMIConnectionImpl.java:1307)
	at java.management.rmi/javax.management.remote.rmi.RMIConnectionImpl.doPrivilegedOperation(RMIConnectionImpl.java:1399)
	at java.management.rmi/javax.management.remote.rmi.RMIConnectionImpl.invoke(RMIConnectionImpl.java:827)
	at java.base/jdk.internal.reflect.GeneratedMethodAccessor78.invoke(Unknown Source)
	at java.base/jdk.internal.reflect.DelegatingMethodAccessorImpl.invoke(DelegatingMethodAccessorImpl.java:43)
	at java.base/java.lang.reflect.Method.invoke(Method.java:566)
	at java.rmi/sun.rmi.server.UnicastServerRef.dispatch(UnicastServerRef.java:359)
	at java.rmi/sun.rmi.transport.Transport$1.run(Transport.java:200)
	at java.rmi/sun.rmi.transport.Transport$1.run(Transport.java:197)
	at java.base/java.security.AccessController.doPrivileged(Native Method)
	at java.rmi/sun.rmi.transport.Transport.serviceCall(Transport.java:196)
	at java.rmi/sun.rmi.transport.tcp.TCPTransport.handleMessages(TCPTransport.java:562)
	at java.rmi/sun.rmi.transport.tcp.TCPTransport$ConnectionHandler.run0(TCPTransport.java:796)
	at java.rmi/sun.rmi.transport.tcp.TCPTransport$ConnectionHandler.lambda$run$0(TCPTransport.java:677)
	at java.base/java.security.AccessController.doPrivileged(Native Method)
	at java.rmi/sun.rmi.transport.tcp.TCPTransport$ConnectionHandler.run(TCPTransport.java:676)
	at java.base/java.util.concurrent.ThreadPoolExecutor.runWorker(ThreadPoolExecutor.java:1128)
	at java.base/java.util.concurrent.ThreadPoolExecutor$Worker.run(ThreadPoolExecutor.java:628)
	at java.base/java.lang.Thread.run(Thread.java:834)
Caused by: org.apache.http.conn.HttpHostConnectException: Connect to localhost:8761 [localhost/127.0.0.1, localhost/0:0:0:0:0:0:0:1] failed: Connection refused: connect
	at org.apache.http.impl.conn.DefaultHttpClientConnectionOperator.connect(DefaultHttpClientConnectionOperator.java:156)
	at org.apache.http.impl.conn.PoolingHttpClientConnectionManager.connect(PoolingHttpClientConnectionManager.java:376)
	at org.apache.http.impl.execchain.MainClientExec.establishRoute(MainClientExec.java:393)
	at org.apache.http.impl.execchain.MainClientExec.execute(MainClientExec.java:236)
	at org.apache.http.impl.execchain.ProtocolExec.execute(ProtocolExec.java:186)
	at org.apache.http.impl.execchain.RetryExec.execute(RetryExec.java:89)
	at org.apache.http.impl.execchain.RedirectExec.execute(RedirectExec.java:110)
	at org.apache.http.impl.client.InternalHttpClient.doExecute(InternalHttpClient.java:185)
	at org.apache.http.impl.client.CloseableHttpClient.execute(CloseableHttpClient.java:83)
	at org.apache.http.impl.client.CloseableHttpClient.execute(CloseableHttpClient.java:56)
	at org.springframework.http.client.HttpComponentsClientHttpRequest.executeInternal(HttpComponentsClientHttpRequest.java:87)
	at org.springframework.http.client.AbstractBufferingClientHttpRequest.executeInternal(AbstractBufferingClientHttpRequest.java:48)
	at org.springframework.http.client.AbstractClientHttpRequest.execute(AbstractClientHttpRequest.java:66)
	at org.springframework.web.client.RestTemplate.doExecute(RestTemplate.java:776)
	... 74 more
Caused by: java.net.ConnectException: Connection refused: connect
	at java.base/java.net.PlainSocketImpl.connect0(Native Method)
	at java.base/java.net.PlainSocketImpl.socketConnect(PlainSocketImpl.java:101)
	at java.base/java.net.AbstractPlainSocketImpl.doConnect(AbstractPlainSocketImpl.java:412)
	at java.base/java.net.AbstractPlainSocketImpl.connectToAddress(AbstractPlainSocketImpl.java:255)
	at java.base/java.net.AbstractPlainSocketImpl.connect(AbstractPlainSocketImpl.java:237)
	at java.base/java.net.SocksSocketImpl.connect(SocksSocketImpl.java:392)
	at java.base/java.net.Socket.connect(Socket.java:608)
	at org.apache.http.conn.socket.PlainConnectionSocketFactory.connectSocket(PlainConnectionSocketFactory.java:75)
	at org.apache.http.impl.conn.DefaultHttpClientConnectionOperator.connect(DefaultHttpClientConnectionOperator.java:142)
	... 87 more

2022-05-20 14:10:10,019 WARN com.netflix.discovery.shared.transport.decorator.RetryableEurekaHttpClient [RMI TCP Connection(11)-127.0.0.1] Request execution failed with message: I/O error on DELETE request for "http://localhost:8761/eureka/apps/API-FRAUDES/api-fraudes:e4eb5b267be3ea09d660d7da2cd5e2a1": Connect to localhost:8761 [localhost/127.0.0.1, localhost/0:0:0:0:0:0:0:1] failed: Connection refused: connect; nested exception is org.apache.http.conn.HttpHostConnectException: Connect to localhost:8761 [localhost/127.0.0.1, localhost/0:0:0:0:0:0:0:1] failed: Connection refused: connect
2022-05-20 14:10:14,086 INFO com.netflix.discovery.shared.transport.decorator.RedirectingEurekaHttpClient [RMI TCP Connection(11)-127.0.0.1] Request execution error. endpoint=DefaultEndpoint{ serviceUrl='http://localhost:8761/eureka/}, exception=I/O error on DELETE request for "http://localhost:8761/eureka/apps/API-FRAUDES/api-fraudes:e4eb5b267be3ea09d660d7da2cd5e2a1": Connect to localhost:8761 [localhost/127.0.0.1, localhost/0:0:0:0:0:0:0:1] failed: Connection refused: connect; nested exception is org.apache.http.conn.HttpHostConnectException: Connect to localhost:8761 [localhost/127.0.0.1, localhost/0:0:0:0:0:0:0:1] failed: Connection refused: connect stacktrace=org.springframework.web.client.ResourceAccessException: I/O error on DELETE request for "http://localhost:8761/eureka/apps/API-FRAUDES/api-fraudes:e4eb5b267be3ea09d660d7da2cd5e2a1": Connect to localhost:8761 [localhost/127.0.0.1, localhost/0:0:0:0:0:0:0:1] failed: Connection refused: connect; nested exception is org.apache.http.conn.HttpHostConnectException: Connect to localhost:8761 [localhost/127.0.0.1, localhost/0:0:0:0:0:0:0:1] failed: Connection refused: connect
	at org.springframework.web.client.RestTemplate.doExecute(RestTemplate.java:785)
	at org.springframework.web.client.RestTemplate.execute(RestTemplate.java:711)
	at org.springframework.web.client.RestTemplate.exchange(RestTemplate.java:602)
	at org.springframework.cloud.netflix.eureka.http.RestTemplateEurekaHttpClient.cancel(RestTemplateEurekaHttpClient.java:87)
	at com.netflix.discovery.shared.transport.decorator.EurekaHttpClientDecorator$2.execute(EurekaHttpClientDecorator.java:74)
	at com.netflix.discovery.shared.transport.decorator.RedirectingEurekaHttpClient.executeOnNewServer(RedirectingEurekaHttpClient.java:121)
	at com.netflix.discovery.shared.transport.decorator.RedirectingEurekaHttpClient.execute(RedirectingEurekaHttpClient.java:80)
	at com.netflix.discovery.shared.transport.decorator.EurekaHttpClientDecorator.cancel(EurekaHttpClientDecorator.java:71)
	at com.netflix.discovery.shared.transport.decorator.EurekaHttpClientDecorator$2.execute(EurekaHttpClientDecorator.java:74)
	at com.netflix.discovery.shared.transport.decorator.RetryableEurekaHttpClient.execute(RetryableEurekaHttpClient.java:120)
	at com.netflix.discovery.shared.transport.decorator.EurekaHttpClientDecorator.cancel(EurekaHttpClientDecorator.java:71)
	at com.netflix.discovery.shared.transport.decorator.EurekaHttpClientDecorator$2.execute(EurekaHttpClientDecorator.java:74)
	at com.netflix.discovery.shared.transport.decorator.SessionedEurekaHttpClient.execute(SessionedEurekaHttpClient.java:77)
	at com.netflix.discovery.shared.transport.decorator.EurekaHttpClientDecorator.cancel(EurekaHttpClientDecorator.java:71)
	at com.netflix.discovery.DiscoveryClient.unregister(DiscoveryClient.java:972)
	at com.netflix.discovery.DiscoveryClient.shutdown(DiscoveryClient.java:948)
	at java.base/jdk.internal.reflect.NativeMethodAccessorImpl.invoke0(Native Method)
	at java.base/jdk.internal.reflect.NativeMethodAccessorImpl.invoke(NativeMethodAccessorImpl.java:62)
	at java.base/jdk.internal.reflect.DelegatingMethodAccessorImpl.invoke(DelegatingMethodAccessorImpl.java:43)
	at java.base/java.lang.reflect.Method.invoke(Method.java:566)
	at org.springframework.beans.factory.annotation.InitDestroyAnnotationBeanPostProcessor$LifecycleElement.invoke(InitDestroyAnnotationBeanPostProcessor.java:389)
	at org.springframework.beans.factory.annotation.InitDestroyAnnotationBeanPostProcessor$LifecycleMetadata.invokeDestroyMethods(InitDestroyAnnotationBeanPostProcessor.java:347)
	at org.springframework.beans.factory.annotation.InitDestroyAnnotationBeanPostProcessor.postProcessBeforeDestruction(InitDestroyAnnotationBeanPostProcessor.java:177)
	at org.springframework.beans.factory.support.DisposableBeanAdapter.destroy(DisposableBeanAdapter.java:196)
	at org.springframework.beans.factory.support.DisposableBeanAdapter.run(DisposableBeanAdapter.java:189)
	at org.springframework.cloud.context.scope.GenericScope$BeanLifecycleWrapper.destroy(GenericScope.java:390)
	at org.springframework.cloud.context.scope.GenericScope.destroy(GenericScope.java:136)
	at org.springframework.beans.factory.support.DisposableBeanAdapter.destroy(DisposableBeanAdapter.java:212)
	at org.springframework.beans.factory.support.DefaultSingletonBeanRegistry.destroyBean(DefaultSingletonBeanRegistry.java:587)
	at org.springframework.beans.factory.support.DefaultSingletonBeanRegistry.destroySingleton(DefaultSingletonBeanRegistry.java:559)
	at org.springframework.beans.factory.support.DefaultListableBeanFactory.destroySingleton(DefaultListableBeanFactory.java:1161)
	at org.springframework.beans.factory.support.DefaultSingletonBeanRegistry.destroySingletons(DefaultSingletonBeanRegistry.java:520)
	at org.springframework.beans.factory.support.DefaultListableBeanFactory.destroySingletons(DefaultListableBeanFactory.java:1154)
	at org.springframework.context.support.AbstractApplicationContext.destroyBeans(AbstractApplicationContext.java:1106)
	at org.springframework.context.support.AbstractApplicationContext.doClose(AbstractApplicationContext.java:1075)
	at org.springframework.boot.web.servlet.context.ServletWebServerApplicationContext.doClose(ServletWebServerApplicationContext.java:172)
	at org.springframework.context.support.AbstractApplicationContext.close(AbstractApplicationContext.java:1021)
	at org.springframework.boot.admin.SpringApplicationAdminMXBeanRegistrar$SpringApplicationAdmin.shutdown(SpringApplicationAdminMXBeanRegistrar.java:160)
	at java.base/jdk.internal.reflect.NativeMethodAccessorImpl.invoke0(Native Method)
	at java.base/jdk.internal.reflect.NativeMethodAccessorImpl.invoke(NativeMethodAccessorImpl.java:62)
	at java.base/jdk.internal.reflect.DelegatingMethodAccessorImpl.invoke(DelegatingMethodAccessorImpl.java:43)
	at java.base/java.lang.reflect.Method.invoke(Method.java:566)
	at sun.reflect.misc.Trampoline.invoke(MethodUtil.java:71)
	at jdk.internal.reflect.GeneratedMethodAccessor76.invoke(Unknown Source)
	at java.base/jdk.internal.reflect.DelegatingMethodAccessorImpl.invoke(DelegatingMethodAccessorImpl.java:43)
	at java.base/java.lang.reflect.Method.invoke(Method.java:566)
	at java.base/sun.reflect.misc.MethodUtil.invoke(MethodUtil.java:260)
	at java.management/com.sun.jmx.mbeanserver.ConvertingMethod.invokeWithOpenReturn(ConvertingMethod.java:193)
	at java.management/com.sun.jmx.mbeanserver.ConvertingMethod.invokeWithOpenReturn(ConvertingMethod.java:175)
	at java.management/com.sun.jmx.mbeanserver.MXBeanIntrospector.invokeM2(MXBeanIntrospector.java:117)
	at java.management/com.sun.jmx.mbeanserver.MXBeanIntrospector.invokeM2(MXBeanIntrospector.java:54)
	at java.management/com.sun.jmx.mbeanserver.MBeanIntrospector.invokeM(MBeanIntrospector.java:237)
	at java.management/com.sun.jmx.mbeanserver.PerInterface.invoke(PerInterface.java:138)
	at java.management/com.sun.jmx.mbeanserver.MBeanSupport.invoke(MBeanSupport.java:252)
	at java.management/com.sun.jmx.interceptor.DefaultMBeanServerInterceptor.invoke(DefaultMBeanServerInterceptor.java:809)
	at java.management/com.sun.jmx.mbeanserver.JmxMBeanServer.invoke(JmxMBeanServer.java:801)
	at java.management.rmi/javax.management.remote.rmi.RMIConnectionImpl.doOperation(RMIConnectionImpl.java:1466)
	at java.management.rmi/javax.management.remote.rmi.RMIConnectionImpl$PrivilegedOperation.run(RMIConnectionImpl.java:1307)
	at java.management.rmi/javax.management.remote.rmi.RMIConnectionImpl.doPrivilegedOperation(RMIConnectionImpl.java:1399)
	at java.management.rmi/javax.management.remote.rmi.RMIConnectionImpl.invoke(RMIConnectionImpl.java:827)
	at java.base/jdk.internal.reflect.GeneratedMethodAccessor78.invoke(Unknown Source)
	at java.base/jdk.internal.reflect.DelegatingMethodAccessorImpl.invoke(DelegatingMethodAccessorImpl.java:43)
	at java.base/java.lang.reflect.Method.invoke(Method.java:566)
	at java.rmi/sun.rmi.server.UnicastServerRef.dispatch(UnicastServerRef.java:359)
	at java.rmi/sun.rmi.transport.Transport$1.run(Transport.java:200)
	at java.rmi/sun.rmi.transport.Transport$1.run(Transport.java:197)
	at java.base/java.security.AccessController.doPrivileged(Native Method)
	at java.rmi/sun.rmi.transport.Transport.serviceCall(Transport.java:196)
	at java.rmi/sun.rmi.transport.tcp.TCPTransport.handleMessages(TCPTransport.java:562)
	at java.rmi/sun.rmi.transport.tcp.TCPTransport$ConnectionHandler.run0(TCPTransport.java:796)
	at java.rmi/sun.rmi.transport.tcp.TCPTransport$ConnectionHandler.lambda$run$0(TCPTransport.java:677)
	at java.base/java.security.AccessController.doPrivileged(Native Method)
	at java.rmi/sun.rmi.transport.tcp.TCPTransport$ConnectionHandler.run(TCPTransport.java:676)
	at java.base/java.util.concurrent.ThreadPoolExecutor.runWorker(ThreadPoolExecutor.java:1128)
	at java.base/java.util.concurrent.ThreadPoolExecutor$Worker.run(ThreadPoolExecutor.java:628)
	at java.base/java.lang.Thread.run(Thread.java:834)
Caused by: org.apache.http.conn.HttpHostConnectException: Connect to localhost:8761 [localhost/127.0.0.1, localhost/0:0:0:0:0:0:0:1] failed: Connection refused: connect
	at org.apache.http.impl.conn.DefaultHttpClientConnectionOperator.connect(DefaultHttpClientConnectionOperator.java:156)
	at org.apache.http.impl.conn.PoolingHttpClientConnectionManager.connect(PoolingHttpClientConnectionManager.java:376)
	at org.apache.http.impl.execchain.MainClientExec.establishRoute(MainClientExec.java:393)
	at org.apache.http.impl.execchain.MainClientExec.execute(MainClientExec.java:236)
	at org.apache.http.impl.execchain.ProtocolExec.execute(ProtocolExec.java:186)
	at org.apache.http.impl.execchain.RetryExec.execute(RetryExec.java:89)
	at org.apache.http.impl.execchain.RedirectExec.execute(RedirectExec.java:110)
	at org.apache.http.impl.client.InternalHttpClient.doExecute(InternalHttpClient.java:185)
	at org.apache.http.impl.client.CloseableHttpClient.execute(CloseableHttpClient.java:83)
	at org.apache.http.impl.client.CloseableHttpClient.execute(CloseableHttpClient.java:56)
	at org.springframework.http.client.HttpComponentsClientHttpRequest.executeInternal(HttpComponentsClientHttpRequest.java:87)
	at org.springframework.http.client.AbstractBufferingClientHttpRequest.executeInternal(AbstractBufferingClientHttpRequest.java:48)
	at org.springframework.http.client.AbstractClientHttpRequest.execute(AbstractClientHttpRequest.java:66)
	at org.springframework.web.client.RestTemplate.doExecute(RestTemplate.java:776)
	... 75 more
Caused by: java.net.ConnectException: Connection refused: connect
	at java.base/java.net.PlainSocketImpl.connect0(Native Method)
	at java.base/java.net.PlainSocketImpl.socketConnect(PlainSocketImpl.java:101)
	at java.base/java.net.AbstractPlainSocketImpl.doConnect(AbstractPlainSocketImpl.java:412)
	at java.base/java.net.AbstractPlainSocketImpl.connectToAddress(AbstractPlainSocketImpl.java:255)
	at java.base/java.net.AbstractPlainSocketImpl.connect(AbstractPlainSocketImpl.java:237)
	at java.base/java.net.SocksSocketImpl.connect(SocksSocketImpl.java:392)
	at java.base/java.net.Socket.connect(Socket.java:608)
	at org.apache.http.conn.socket.PlainConnectionSocketFactory.connectSocket(PlainConnectionSocketFactory.java:75)
	at org.apache.http.impl.conn.DefaultHttpClientConnectionOperator.connect(DefaultHttpClientConnectionOperator.java:142)
	... 88 more

2022-05-20 14:10:14,086 WARN com.netflix.discovery.shared.transport.decorator.RetryableEurekaHttpClient [RMI TCP Connection(11)-127.0.0.1] Request execution failed with message: I/O error on DELETE request for "http://localhost:8761/eureka/apps/API-FRAUDES/api-fraudes:e4eb5b267be3ea09d660d7da2cd5e2a1": Connect to localhost:8761 [localhost/127.0.0.1, localhost/0:0:0:0:0:0:0:1] failed: Connection refused: connect; nested exception is org.apache.http.conn.HttpHostConnectException: Connect to localhost:8761 [localhost/127.0.0.1, localhost/0:0:0:0:0:0:0:1] failed: Connection refused: connect
2022-05-20 14:10:14,089 ERROR com.netflix.discovery.DiscoveryClient [RMI TCP Connection(11)-127.0.0.1] DiscoveryClient_API-FRAUDES/api-fraudes:e4eb5b267be3ea09d660d7da2cd5e2a1 - de-registration failedCannot execute request on any known server
com.netflix.discovery.shared.transport.TransportException: Cannot execute request on any known server
	at com.netflix.discovery.shared.transport.decorator.RetryableEurekaHttpClient.execute(RetryableEurekaHttpClient.java:112)
	at com.netflix.discovery.shared.transport.decorator.EurekaHttpClientDecorator.cancel(EurekaHttpClientDecorator.java:71)
	at com.netflix.discovery.shared.transport.decorator.EurekaHttpClientDecorator$2.execute(EurekaHttpClientDecorator.java:74)
	at com.netflix.discovery.shared.transport.decorator.SessionedEurekaHttpClient.execute(SessionedEurekaHttpClient.java:77)
	at com.netflix.discovery.shared.transport.decorator.EurekaHttpClientDecorator.cancel(EurekaHttpClientDecorator.java:71)
	at com.netflix.discovery.DiscoveryClient.unregister(DiscoveryClient.java:972)
	at com.netflix.discovery.DiscoveryClient.shutdown(DiscoveryClient.java:948)
	at java.base/jdk.internal.reflect.NativeMethodAccessorImpl.invoke0(Native Method)
	at java.base/jdk.internal.reflect.NativeMethodAccessorImpl.invoke(NativeMethodAccessorImpl.java:62)
	at java.base/jdk.internal.reflect.DelegatingMethodAccessorImpl.invoke(DelegatingMethodAccessorImpl.java:43)
	at java.base/java.lang.reflect.Method.invoke(Method.java:566)
	at org.springframework.beans.factory.annotation.InitDestroyAnnotationBeanPostProcessor$LifecycleElement.invoke(InitDestroyAnnotationBeanPostProcessor.java:389)
	at org.springframework.beans.factory.annotation.InitDestroyAnnotationBeanPostProcessor$LifecycleMetadata.invokeDestroyMethods(InitDestroyAnnotationBeanPostProcessor.java:347)
	at org.springframework.beans.factory.annotation.InitDestroyAnnotationBeanPostProcessor.postProcessBeforeDestruction(InitDestroyAnnotationBeanPostProcessor.java:177)
	at org.springframework.beans.factory.support.DisposableBeanAdapter.destroy(DisposableBeanAdapter.java:196)
	at org.springframework.beans.factory.support.DisposableBeanAdapter.run(DisposableBeanAdapter.java:189)
	at org.springframework.cloud.context.scope.GenericScope$BeanLifecycleWrapper.destroy(GenericScope.java:390)
	at org.springframework.cloud.context.scope.GenericScope.destroy(GenericScope.java:136)
	at org.springframework.beans.factory.support.DisposableBeanAdapter.destroy(DisposableBeanAdapter.java:212)
	at org.springframework.beans.factory.support.DefaultSingletonBeanRegistry.destroyBean(DefaultSingletonBeanRegistry.java:587)
	at org.springframework.beans.factory.support.DefaultSingletonBeanRegistry.destroySingleton(DefaultSingletonBeanRegistry.java:559)
	at org.springframework.beans.factory.support.DefaultListableBeanFactory.destroySingleton(DefaultListableBeanFactory.java:1161)
	at org.springframework.beans.factory.support.DefaultSingletonBeanRegistry.destroySingletons(DefaultSingletonBeanRegistry.java:520)
	at org.springframework.beans.factory.support.DefaultListableBeanFactory.destroySingletons(DefaultListableBeanFactory.java:1154)
	at org.springframework.context.support.AbstractApplicationContext.destroyBeans(AbstractApplicationContext.java:1106)
	at org.springframework.context.support.AbstractApplicationContext.doClose(AbstractApplicationContext.java:1075)
	at org.springframework.boot.web.servlet.context.ServletWebServerApplicationContext.doClose(ServletWebServerApplicationContext.java:172)
	at org.springframework.context.support.AbstractApplicationContext.close(AbstractApplicationContext.java:1021)
	at org.springframework.boot.admin.SpringApplicationAdminMXBeanRegistrar$SpringApplicationAdmin.shutdown(SpringApplicationAdminMXBeanRegistrar.java:160)
	at java.base/jdk.internal.reflect.NativeMethodAccessorImpl.invoke0(Native Method)
	at java.base/jdk.internal.reflect.NativeMethodAccessorImpl.invoke(NativeMethodAccessorImpl.java:62)
	at java.base/jdk.internal.reflect.DelegatingMethodAccessorImpl.invoke(DelegatingMethodAccessorImpl.java:43)
	at java.base/java.lang.reflect.Method.invoke(Method.java:566)
	at sun.reflect.misc.Trampoline.invoke(MethodUtil.java:71)
	at jdk.internal.reflect.GeneratedMethodAccessor76.invoke(Unknown Source)
	at java.base/jdk.internal.reflect.DelegatingMethodAccessorImpl.invoke(DelegatingMethodAccessorImpl.java:43)
	at java.base/java.lang.reflect.Method.invoke(Method.java:566)
	at java.base/sun.reflect.misc.MethodUtil.invoke(MethodUtil.java:260)
	at java.management/com.sun.jmx.mbeanserver.ConvertingMethod.invokeWithOpenReturn(ConvertingMethod.java:193)
	at java.management/com.sun.jmx.mbeanserver.ConvertingMethod.invokeWithOpenReturn(ConvertingMethod.java:175)
	at java.management/com.sun.jmx.mbeanserver.MXBeanIntrospector.invokeM2(MXBeanIntrospector.java:117)
	at java.management/com.sun.jmx.mbeanserver.MXBeanIntrospector.invokeM2(MXBeanIntrospector.java:54)
	at java.management/com.sun.jmx.mbeanserver.MBeanIntrospector.invokeM(MBeanIntrospector.java:237)
	at java.management/com.sun.jmx.mbeanserver.PerInterface.invoke(PerInterface.java:138)
	at java.management/com.sun.jmx.mbeanserver.MBeanSupport.invoke(MBeanSupport.java:252)
	at java.management/com.sun.jmx.interceptor.DefaultMBeanServerInterceptor.invoke(DefaultMBeanServerInterceptor.java:809)
	at java.management/com.sun.jmx.mbeanserver.JmxMBeanServer.invoke(JmxMBeanServer.java:801)
	at java.management.rmi/javax.management.remote.rmi.RMIConnectionImpl.doOperation(RMIConnectionImpl.java:1466)
	at java.management.rmi/javax.management.remote.rmi.RMIConnectionImpl$PrivilegedOperation.run(RMIConnectionImpl.java:1307)
	at java.management.rmi/javax.management.remote.rmi.RMIConnectionImpl.doPrivilegedOperation(RMIConnectionImpl.java:1399)
	at java.management.rmi/javax.management.remote.rmi.RMIConnectionImpl.invoke(RMIConnectionImpl.java:827)
	at java.base/jdk.internal.reflect.GeneratedMethodAccessor78.invoke(Unknown Source)
	at java.base/jdk.internal.reflect.DelegatingMethodAccessorImpl.invoke(DelegatingMethodAccessorImpl.java:43)
	at java.base/java.lang.reflect.Method.invoke(Method.java:566)
	at java.rmi/sun.rmi.server.UnicastServerRef.dispatch(UnicastServerRef.java:359)
	at java.rmi/sun.rmi.transport.Transport$1.run(Transport.java:200)
	at java.rmi/sun.rmi.transport.Transport$1.run(Transport.java:197)
	at java.base/java.security.AccessController.doPrivileged(Native Method)
	at java.rmi/sun.rmi.transport.Transport.serviceCall(Transport.java:196)
	at java.rmi/sun.rmi.transport.tcp.TCPTransport.handleMessages(TCPTransport.java:562)
	at java.rmi/sun.rmi.transport.tcp.TCPTransport$ConnectionHandler.run0(TCPTransport.java:796)
	at java.rmi/sun.rmi.transport.tcp.TCPTransport$ConnectionHandler.lambda$run$0(TCPTransport.java:677)
	at java.base/java.security.AccessController.doPrivileged(Native Method)
	at java.rmi/sun.rmi.transport.tcp.TCPTransport$ConnectionHandler.run(TCPTransport.java:676)
	at java.base/java.util.concurrent.ThreadPoolExecutor.runWorker(ThreadPoolExecutor.java:1128)
	at java.base/java.util.concurrent.ThreadPoolExecutor$Worker.run(ThreadPoolExecutor.java:628)
	at java.base/java.lang.Thread.run(Thread.java:834)
2022-05-20 14:10:14,093 INFO com.netflix.discovery.DiscoveryClient [RMI TCP Connection(11)-127.0.0.1] Completed shut down of DiscoveryClient
2022-05-20 14:10:46,006 INFO org.hibernate.validator.internal.util.Version [background-preinit] HV000001: Hibernate Validator 6.2.0.Final
2022-05-20 14:10:46,021 INFO org.springframework.boot.StartupInfoLogger [restartedMain] Starting RestFraudeApplication using Java 11.0.13 on DESKTOP-NILTSUQ with PID 940 (C:\Users\Usuario\Desktop\Archivos de clases MircoS\RESTFraude\target\classes started by Usuario in C:\Users\Usuario\Desktop\Archivos de clases MircoS\RESTFraude)
2022-05-20 14:10:46,022 INFO org.springframework.boot.SpringApplication [restartedMain] No active profile set, falling back to default profiles: default
2022-05-20 14:10:46,071 INFO org.springframework.boot.logging.DeferredLog [restartedMain] Devtools property defaults active! Set 'spring.devtools.add-properties' to 'false' to disable
2022-05-20 14:10:46,071 INFO org.springframework.boot.logging.DeferredLog [restartedMain] For additional web related logging consider setting the 'logging.level.web' property to 'DEBUG'
2022-05-20 14:10:46,962 INFO org.springframework.data.repository.config.RepositoryConfigurationDelegate [restartedMain] Bootstrapping Spring Data JPA repositories in DEFAULT mode.
2022-05-20 14:10:47,152 INFO org.springframework.data.repository.config.RepositoryConfigurationDelegate [restartedMain] Finished Spring Data repository scanning in 181 ms. Found 1 JPA repository interfaces.
2022-05-20 14:10:47,435 INFO org.springframework.cloud.context.scope.GenericScope [restartedMain] BeanFactory id=25b59d1f-da82-3239-90ad-6a5ed2024dee
2022-05-20 14:10:48,276 INFO org.springframework.boot.web.embedded.tomcat.TomcatWebServer [restartedMain] Tomcat initialized with port(s): 0 (http)
2022-05-20 14:10:48,285 INFO org.apache.juli.logging.DirectJDKLog [restartedMain] Initializing ProtocolHandler ["http-nio-auto-1"]
2022-05-20 14:10:48,286 INFO org.apache.juli.logging.DirectJDKLog [restartedMain] Starting service [Tomcat]
2022-05-20 14:10:48,286 INFO org.apache.juli.logging.DirectJDKLog [restartedMain] Starting Servlet engine: [Apache Tomcat/9.0.56]
2022-05-20 14:10:48,455 INFO org.apache.juli.logging.DirectJDKLog [restartedMain] Initializing Spring embedded WebApplicationContext
2022-05-20 14:10:48,455 INFO org.springframework.boot.web.servlet.context.ServletWebServerApplicationContext [restartedMain] Root WebApplicationContext: initialization completed in 2383 ms
2022-05-20 14:10:48,506 INFO com.zaxxer.hikari.HikariDataSource [restartedMain] HikariPool-1 - Starting...
2022-05-20 14:10:48,698 INFO com.zaxxer.hikari.HikariDataSource [restartedMain] HikariPool-1 - Start completed.
2022-05-20 14:10:48,711 INFO org.springframework.boot.autoconfigure.h2.H2ConsoleAutoConfiguration [restartedMain] H2 console available at '/h2-console'. Database available at 'jdbc:h2:mem:fraudes'
2022-05-20 14:10:48,879 INFO org.hibernate.jpa.internal.util.LogHelper [restartedMain] HHH000204: Processing PersistenceUnitInfo [name: default]
2022-05-20 14:10:48,947 INFO org.hibernate.Version [restartedMain] HHH000412: Hibernate ORM core version 5.6.4.Final
2022-05-20 14:10:49,124 INFO org.hibernate.annotations.common.reflection.java.JavaReflectionManager [restartedMain] HCANN000001: Hibernate Commons Annotations {5.1.2.Final}
2022-05-20 14:10:49,254 INFO org.hibernate.dialect.Dialect [restartedMain] HHH000400: Using dialect: org.hibernate.dialect.H2Dialect
2022-05-20 14:10:49,976 INFO org.hibernate.engine.transaction.jta.platform.internal.JtaPlatformInitiator [restartedMain] HHH000490: Using JtaPlatform implementation: [org.hibernate.engine.transaction.jta.platform.internal.NoJtaPlatform]
2022-05-20 14:10:49,986 INFO org.springframework.orm.jpa.AbstractEntityManagerFactoryBean [restartedMain] Initialized JPA EntityManagerFactory for persistence unit 'default'
2022-05-20 14:10:50,127 WARN org.springframework.boot.autoconfigure.orm.jpa.JpaBaseConfiguration$JpaWebConfiguration [restartedMain] spring.jpa.open-in-view is enabled by default. Therefore, database queries may be performed during view rendering. Explicitly configure spring.jpa.open-in-view to disable this warning
2022-05-20 14:10:50,253 WARN org.springframework.boot.devtools.autoconfigure.OptionalLiveReloadServer [restartedMain] Unable to start LiveReload server
2022-05-20 14:10:51,920 INFO org.springframework.cloud.netflix.eureka.config.DiscoveryClientOptionalArgsConfiguration [restartedMain] Eureka HTTP Client uses RestTemplate.
2022-05-20 14:10:52,166 WARN org.springframework.cloud.loadbalancer.config.LoadBalancerCacheAutoConfiguration$LoadBalancerCaffeineWarnLogger [restartedMain] Spring Cloud LoadBalancer is currently working with the default cache. While this cache implementation is useful for development and tests, it's recommended to use Caffeine cache in production.You can switch to using Caffeine cache, by adding it and org.springframework.cache.caffeine.CaffeineCacheManager to the classpath.
2022-05-20 14:10:52,244 INFO org.apache.juli.logging.DirectJDKLog [restartedMain] Starting ProtocolHandler ["http-nio-auto-1"]
2022-05-20 14:10:52,262 INFO org.springframework.boot.web.embedded.tomcat.TomcatWebServer [restartedMain] Tomcat started on port(s): 61125 (http) with context path '/api/v1/rest-fraudes'
2022-05-20 14:10:52,263 INFO org.springframework.cloud.netflix.eureka.serviceregistry.EurekaAutoServiceRegistration [restartedMain] Updating port to 61125
2022-05-20 14:10:52,268 INFO org.springframework.cloud.netflix.eureka.InstanceInfoFactory [restartedMain] Setting initial instance status as: STARTING
2022-05-20 14:10:52,313 INFO com.netflix.discovery.DiscoveryClient [restartedMain] Initializing Eureka in region us-east-1
2022-05-20 14:10:52,319 INFO com.netflix.discovery.shared.resolver.aws.ConfigClusterResolver [restartedMain] Resolving eureka endpoints via configuration
2022-05-20 14:10:52,346 INFO com.netflix.discovery.DiscoveryClient [restartedMain] Disable delta property : false
2022-05-20 14:10:52,346 INFO com.netflix.discovery.DiscoveryClient [restartedMain] Single vip registry refresh property : null
2022-05-20 14:10:52,346 INFO com.netflix.discovery.DiscoveryClient [restartedMain] Force full registry fetch : false
2022-05-20 14:10:52,347 INFO com.netflix.discovery.DiscoveryClient [restartedMain] Application is null : false
2022-05-20 14:10:52,347 INFO com.netflix.discovery.DiscoveryClient [restartedMain] Registered Applications size is zero : true
2022-05-20 14:10:52,347 INFO com.netflix.discovery.DiscoveryClient [restartedMain] Application version is -1: true
2022-05-20 14:10:52,347 INFO com.netflix.discovery.DiscoveryClient [restartedMain] Getting all instance registry info from the eureka server
2022-05-20 14:10:52,762 INFO com.netflix.discovery.DiscoveryClient [restartedMain] The response status is 200
2022-05-20 14:10:52,765 INFO com.netflix.discovery.DiscoveryClient [restartedMain] Starting heartbeat executor: renew interval is: 30
2022-05-20 14:10:52,768 INFO com.netflix.discovery.InstanceInfoReplicator [restartedMain] InstanceInfoReplicator onDemand update allowed rate per min is 4
2022-05-20 14:10:52,773 INFO com.netflix.discovery.DiscoveryClient [restartedMain] Discovery Client initialized at timestamp 1653073852772 with initial instances count: 0
2022-05-20 14:10:52,783 INFO org.springframework.cloud.netflix.eureka.serviceregistry.EurekaServiceRegistry [restartedMain] Registering application API-FRAUDES with eureka with status UP
2022-05-20 14:10:52,784 INFO com.netflix.discovery.DiscoveryClient$3 [restartedMain] Saw local status change event StatusChangeEvent [timestamp=1653073852784, current=UP, previous=STARTING]
2022-05-20 14:10:52,786 INFO com.netflix.discovery.DiscoveryClient [DiscoveryClient-InstanceInfoReplicator-0] DiscoveryClient_API-FRAUDES/api-fraudes:4fff50e1afe9c17ecb7b5db55e483dbe: registering service...
2022-05-20 14:10:52,889 INFO com.netflix.discovery.DiscoveryClient [DiscoveryClient-InstanceInfoReplicator-0] DiscoveryClient_API-FRAUDES/api-fraudes:4fff50e1afe9c17ecb7b5db55e483dbe - registration status: 204
2022-05-20 14:10:52,904 INFO org.springframework.boot.StartupInfoLogger [restartedMain] Started RestFraudeApplication in 7.44 seconds (JVM running for 8.677)
2022-05-20 14:11:11,705 INFO org.apache.juli.logging.DirectJDKLog [http-nio-auto-1-exec-1] Initializing Spring DispatcherServlet 'dispatcherServlet'
2022-05-20 14:11:11,706 INFO org.springframework.web.servlet.FrameworkServlet [http-nio-auto-1-exec-1] Initializing Servlet 'dispatcherServlet'
2022-05-20 14:11:11,707 INFO org.springframework.web.servlet.FrameworkServlet [http-nio-auto-1-exec-1] Completed initialization in 1 ms
2022-05-20 14:11:22,771 INFO com.netflix.discovery.DiscoveryClient [DiscoveryClient-CacheRefreshExecutor-0] Disable delta property : false
2022-05-20 14:11:22,772 INFO com.netflix.discovery.DiscoveryClient [DiscoveryClient-CacheRefreshExecutor-0] Single vip registry refresh property : null
2022-05-20 14:11:22,773 INFO com.netflix.discovery.DiscoveryClient [DiscoveryClient-CacheRefreshExecutor-0] Force full registry fetch : false
2022-05-20 14:11:22,774 INFO com.netflix.discovery.DiscoveryClient [DiscoveryClient-CacheRefreshExecutor-0] Application is null : false
2022-05-20 14:11:22,775 INFO com.netflix.discovery.DiscoveryClient [DiscoveryClient-CacheRefreshExecutor-0] Registered Applications size is zero : true
2022-05-20 14:11:22,775 INFO com.netflix.discovery.DiscoveryClient [DiscoveryClient-CacheRefreshExecutor-0] Application version is -1: false
2022-05-20 14:11:22,775 INFO com.netflix.discovery.DiscoveryClient [DiscoveryClient-CacheRefreshExecutor-0] Getting all instance registry info from the eureka server
2022-05-20 14:11:22,793 INFO com.netflix.discovery.DiscoveryClient [DiscoveryClient-CacheRefreshExecutor-0] The response status is 200
2022-05-20 14:13:16,624 INFO org.springframework.boot.admin.SpringApplicationAdminMXBeanRegistrar$SpringApplicationAdmin [RMI TCP Connection(11)-127.0.0.1] Application shutdown requested.
2022-05-20 14:13:16,625 INFO org.springframework.cloud.netflix.eureka.serviceregistry.EurekaServiceRegistry [RMI TCP Connection(11)-127.0.0.1] Unregistering application API-FRAUDES with eureka with status DOWN
2022-05-20 14:13:16,625 INFO com.netflix.discovery.DiscoveryClient$3 [RMI TCP Connection(11)-127.0.0.1] Saw local status change event StatusChangeEvent [timestamp=1653073996625, current=DOWN, previous=UP]
2022-05-20 14:13:16,626 INFO com.netflix.discovery.DiscoveryClient [DiscoveryClient-InstanceInfoReplicator-0] DiscoveryClient_API-FRAUDES/api-fraudes:4fff50e1afe9c17ecb7b5db55e483dbe: registering service...
2022-05-20 14:13:16,643 INFO com.netflix.discovery.DiscoveryClient [DiscoveryClient-InstanceInfoReplicator-0] DiscoveryClient_API-FRAUDES/api-fraudes:4fff50e1afe9c17ecb7b5db55e483dbe - registration status: 204
2022-05-20 14:13:16,723 INFO org.springframework.orm.jpa.AbstractEntityManagerFactoryBean [RMI TCP Connection(11)-127.0.0.1] Closing JPA EntityManagerFactory for persistence unit 'default'
2022-05-20 14:13:16,723 INFO org.hibernate.tool.schema.internal.SchemaDropperImpl$DelayedDropActionImpl [RMI TCP Connection(11)-127.0.0.1] HHH000477: Starting delayed evictData of schema as part of SessionFactory shut-down'
2022-05-20 14:13:16,956 WARN org.springframework.beans.factory.support.DisposableBeanAdapter [RMI TCP Connection(11)-127.0.0.1] Invocation of destroy method failed on bean with name 'inMemoryDatabaseShutdownExecutor': org.h2.jdbc.JdbcSQLNonTransientConnectionException: La base de datos ya esta cerrada (para des-habilitar el cerrado automatico durante el shutdown de la VM, agregue ";DB_CLOSE_ON_EXIT=FALSE" a la URL de conexión)
Database is already closed (to disable automatic closing at VM shutdown, add ";DB_CLOSE_ON_EXIT=FALSE" to the db URL) [90121-200]
2022-05-20 14:13:16,958 INFO com.zaxxer.hikari.HikariDataSource [RMI TCP Connection(11)-127.0.0.1] HikariPool-1 - Shutdown initiated...
2022-05-20 14:13:16,973 INFO com.zaxxer.hikari.HikariDataSource [RMI TCP Connection(11)-127.0.0.1] HikariPool-1 - Shutdown completed.
2022-05-20 14:13:16,975 INFO com.netflix.discovery.DiscoveryClient [RMI TCP Connection(11)-127.0.0.1] Shutting down DiscoveryClient ...
2022-05-20 14:13:19,986 INFO com.netflix.discovery.DiscoveryClient [RMI TCP Connection(11)-127.0.0.1] Unregistering ...
2022-05-20 14:13:20,002 INFO com.netflix.discovery.DiscoveryClient [RMI TCP Connection(11)-127.0.0.1] DiscoveryClient_API-FRAUDES/api-fraudes:4fff50e1afe9c17ecb7b5db55e483dbe - deregister  status: 200
2022-05-20 14:13:20,006 INFO com.netflix.discovery.DiscoveryClient [RMI TCP Connection(11)-127.0.0.1] Completed shut down of DiscoveryClient
2022-05-20 18:51:26,299 INFO org.hibernate.validator.internal.util.Version [background-preinit] HV000001: Hibernate Validator 6.2.0.Final
2022-05-20 18:51:26,315 INFO org.springframework.boot.StartupInfoLogger [restartedMain] Starting RestFraudeApplication using Java 11.0.13 on DESKTOP-NILTSUQ with PID 23816 (C:\Users\Usuario\Desktop\Archivos de clases MircoS\RESTFraude\target\classes started by Usuario in C:\Users\Usuario\Desktop\Archivos de clases MircoS\RESTFraude)
2022-05-20 18:51:26,316 INFO org.springframework.boot.SpringApplication [restartedMain] No active profile set, falling back to default profiles: default
2022-05-20 18:51:26,368 INFO org.springframework.boot.logging.DeferredLog [restartedMain] Devtools property defaults active! Set 'spring.devtools.add-properties' to 'false' to disable
2022-05-20 18:51:26,369 INFO org.springframework.boot.logging.DeferredLog [restartedMain] For additional web related logging consider setting the 'logging.level.web' property to 'DEBUG'
2022-05-20 18:51:27,318 INFO org.springframework.data.repository.config.RepositoryConfigurationDelegate [restartedMain] Bootstrapping Spring Data JPA repositories in DEFAULT mode.
2022-05-20 18:51:27,510 INFO org.springframework.data.repository.config.RepositoryConfigurationDelegate [restartedMain] Finished Spring Data repository scanning in 182 ms. Found 1 JPA repository interfaces.
2022-05-20 18:51:27,817 INFO org.springframework.cloud.context.scope.GenericScope [restartedMain] BeanFactory id=25b59d1f-da82-3239-90ad-6a5ed2024dee
2022-05-20 18:51:28,690 INFO org.springframework.boot.web.embedded.tomcat.TomcatWebServer [restartedMain] Tomcat initialized with port(s): 0 (http)
2022-05-20 18:51:28,702 INFO org.apache.juli.logging.DirectJDKLog [restartedMain] Initializing ProtocolHandler ["http-nio-auto-1"]
2022-05-20 18:51:28,703 INFO org.apache.juli.logging.DirectJDKLog [restartedMain] Starting service [Tomcat]
2022-05-20 18:51:28,703 INFO org.apache.juli.logging.DirectJDKLog [restartedMain] Starting Servlet engine: [Apache Tomcat/9.0.56]
2022-05-20 18:51:28,840 INFO org.apache.juli.logging.DirectJDKLog [restartedMain] Initializing Spring embedded WebApplicationContext
2022-05-20 18:51:28,840 INFO org.springframework.boot.web.servlet.context.ServletWebServerApplicationContext [restartedMain] Root WebApplicationContext: initialization completed in 2470 ms
2022-05-20 18:51:28,892 INFO com.zaxxer.hikari.HikariDataSource [restartedMain] HikariPool-1 - Starting...
2022-05-20 18:51:29,111 INFO com.zaxxer.hikari.HikariDataSource [restartedMain] HikariPool-1 - Start completed.
2022-05-20 18:51:29,123 INFO org.springframework.boot.autoconfigure.h2.H2ConsoleAutoConfiguration [restartedMain] H2 console available at '/h2-console'. Database available at 'jdbc:h2:mem:fraudes'
2022-05-20 18:51:29,312 INFO org.hibernate.jpa.internal.util.LogHelper [restartedMain] HHH000204: Processing PersistenceUnitInfo [name: default]
2022-05-20 18:51:29,387 INFO org.hibernate.Version [restartedMain] HHH000412: Hibernate ORM core version 5.6.4.Final
2022-05-20 18:51:29,576 INFO org.hibernate.annotations.common.reflection.java.JavaReflectionManager [restartedMain] HCANN000001: Hibernate Commons Annotations {5.1.2.Final}
2022-05-20 18:51:29,733 INFO org.hibernate.dialect.Dialect [restartedMain] HHH000400: Using dialect: org.hibernate.dialect.H2Dialect
2022-05-20 18:51:30,492 INFO org.hibernate.engine.transaction.jta.platform.internal.JtaPlatformInitiator [restartedMain] HHH000490: Using JtaPlatform implementation: [org.hibernate.engine.transaction.jta.platform.internal.NoJtaPlatform]
2022-05-20 18:51:30,502 INFO org.springframework.orm.jpa.AbstractEntityManagerFactoryBean [restartedMain] Initialized JPA EntityManagerFactory for persistence unit 'default'
2022-05-20 18:51:30,639 WARN org.springframework.boot.autoconfigure.orm.jpa.JpaBaseConfiguration$JpaWebConfiguration [restartedMain] spring.jpa.open-in-view is enabled by default. Therefore, database queries may be performed during view rendering. Explicitly configure spring.jpa.open-in-view to disable this warning
2022-05-20 18:51:30,771 WARN org.springframework.boot.devtools.autoconfigure.OptionalLiveReloadServer [restartedMain] Unable to start LiveReload server
2022-05-20 18:51:32,477 INFO org.springframework.cloud.netflix.eureka.config.DiscoveryClientOptionalArgsConfiguration [restartedMain] Eureka HTTP Client uses RestTemplate.
2022-05-20 18:51:32,724 WARN org.springframework.cloud.loadbalancer.config.LoadBalancerCacheAutoConfiguration$LoadBalancerCaffeineWarnLogger [restartedMain] Spring Cloud LoadBalancer is currently working with the default cache. While this cache implementation is useful for development and tests, it's recommended to use Caffeine cache in production.You can switch to using Caffeine cache, by adding it and org.springframework.cache.caffeine.CaffeineCacheManager to the classpath.
2022-05-20 18:51:32,803 INFO org.apache.juli.logging.DirectJDKLog [restartedMain] Starting ProtocolHandler ["http-nio-auto-1"]
2022-05-20 18:51:32,822 INFO org.springframework.boot.web.embedded.tomcat.TomcatWebServer [restartedMain] Tomcat started on port(s): 53801 (http) with context path '/api/v1/rest-fraudes'
2022-05-20 18:51:32,823 INFO org.springframework.cloud.netflix.eureka.serviceregistry.EurekaAutoServiceRegistration [restartedMain] Updating port to 53801
2022-05-20 18:51:32,828 INFO org.springframework.cloud.netflix.eureka.InstanceInfoFactory [restartedMain] Setting initial instance status as: STARTING
2022-05-20 18:51:32,873 INFO com.netflix.discovery.DiscoveryClient [restartedMain] Initializing Eureka in region us-east-1
2022-05-20 18:51:32,888 INFO com.netflix.discovery.shared.resolver.aws.ConfigClusterResolver [restartedMain] Resolving eureka endpoints via configuration
2022-05-20 18:51:32,916 INFO com.netflix.discovery.DiscoveryClient [restartedMain] Disable delta property : false
2022-05-20 18:51:32,917 INFO com.netflix.discovery.DiscoveryClient [restartedMain] Single vip registry refresh property : null
2022-05-20 18:51:32,917 INFO com.netflix.discovery.DiscoveryClient [restartedMain] Force full registry fetch : false
2022-05-20 18:51:32,917 INFO com.netflix.discovery.DiscoveryClient [restartedMain] Application is null : false
2022-05-20 18:51:32,917 INFO com.netflix.discovery.DiscoveryClient [restartedMain] Registered Applications size is zero : true
2022-05-20 18:51:32,917 INFO com.netflix.discovery.DiscoveryClient [restartedMain] Application version is -1: true
2022-05-20 18:51:32,917 INFO com.netflix.discovery.DiscoveryClient [restartedMain] Getting all instance registry info from the eureka server
2022-05-20 18:51:33,346 INFO com.netflix.discovery.DiscoveryClient [restartedMain] The response status is 200
2022-05-20 18:51:33,348 INFO com.netflix.discovery.DiscoveryClient [restartedMain] Starting heartbeat executor: renew interval is: 30
2022-05-20 18:51:33,351 INFO com.netflix.discovery.InstanceInfoReplicator [restartedMain] InstanceInfoReplicator onDemand update allowed rate per min is 4
2022-05-20 18:51:33,357 INFO com.netflix.discovery.DiscoveryClient [restartedMain] Discovery Client initialized at timestamp 1653090693355 with initial instances count: 0
2022-05-20 18:51:33,367 INFO org.springframework.cloud.netflix.eureka.serviceregistry.EurekaServiceRegistry [restartedMain] Registering application API-FRAUDES with eureka with status UP
2022-05-20 18:51:33,367 INFO com.netflix.discovery.DiscoveryClient$3 [restartedMain] Saw local status change event StatusChangeEvent [timestamp=1653090693367, current=UP, previous=STARTING]
2022-05-20 18:51:33,370 INFO com.netflix.discovery.DiscoveryClient [DiscoveryClient-InstanceInfoReplicator-0] DiscoveryClient_API-FRAUDES/api-fraudes:7815a019a7e7a4547b97ec439f245319: registering service...
2022-05-20 18:51:33,489 INFO com.netflix.discovery.DiscoveryClient [DiscoveryClient-InstanceInfoReplicator-0] DiscoveryClient_API-FRAUDES/api-fraudes:7815a019a7e7a4547b97ec439f245319 - registration status: 204
2022-05-20 18:51:33,496 INFO org.springframework.boot.StartupInfoLogger [restartedMain] Started RestFraudeApplication in 7.781 seconds (JVM running for 8.92)
2022-05-20 18:52:03,359 INFO com.netflix.discovery.DiscoveryClient [DiscoveryClient-CacheRefreshExecutor-0] Disable delta property : false
2022-05-20 18:52:03,360 INFO com.netflix.discovery.DiscoveryClient [DiscoveryClient-CacheRefreshExecutor-0] Single vip registry refresh property : null
2022-05-20 18:52:03,360 INFO com.netflix.discovery.DiscoveryClient [DiscoveryClient-CacheRefreshExecutor-0] Force full registry fetch : false
2022-05-20 18:52:03,360 INFO com.netflix.discovery.DiscoveryClient [DiscoveryClient-CacheRefreshExecutor-0] Application is null : false
2022-05-20 18:52:03,360 INFO com.netflix.discovery.DiscoveryClient [DiscoveryClient-CacheRefreshExecutor-0] Registered Applications size is zero : true
2022-05-20 18:52:03,360 INFO com.netflix.discovery.DiscoveryClient [DiscoveryClient-CacheRefreshExecutor-0] Application version is -1: false
2022-05-20 18:52:03,360 INFO com.netflix.discovery.DiscoveryClient [DiscoveryClient-CacheRefreshExecutor-0] Getting all instance registry info from the eureka server
2022-05-20 18:52:03,383 INFO com.netflix.discovery.DiscoveryClient [DiscoveryClient-CacheRefreshExecutor-0] The response status is 200
2022-05-20 18:52:13,074 INFO org.apache.juli.logging.DirectJDKLog [http-nio-auto-1-exec-1] Initializing Spring DispatcherServlet 'dispatcherServlet'
2022-05-20 18:52:13,075 INFO org.springframework.web.servlet.FrameworkServlet [http-nio-auto-1-exec-1] Initializing Servlet 'dispatcherServlet'
2022-05-20 18:52:13,076 INFO org.springframework.web.servlet.FrameworkServlet [http-nio-auto-1-exec-1] Completed initialization in 1 ms
2022-05-20 18:54:38,688 INFO org.springframework.cloud.netflix.eureka.serviceregistry.EurekaServiceRegistry [Thread-1] Unregistering application API-FRAUDES with eureka with status DOWN
2022-05-20 18:54:38,688 INFO com.netflix.discovery.DiscoveryClient$3 [Thread-1] Saw local status change event StatusChangeEvent [timestamp=1653090878688, current=DOWN, previous=UP]
2022-05-20 18:54:38,688 INFO com.netflix.discovery.DiscoveryClient [DiscoveryClient-InstanceInfoReplicator-0] DiscoveryClient_API-FRAUDES/api-fraudes:7815a019a7e7a4547b97ec439f245319: registering service...
2022-05-20 18:54:38,698 INFO com.netflix.discovery.DiscoveryClient [DiscoveryClient-InstanceInfoReplicator-0] DiscoveryClient_API-FRAUDES/api-fraudes:7815a019a7e7a4547b97ec439f245319 - registration status: 204
2022-05-20 18:54:38,788 INFO org.springframework.orm.jpa.AbstractEntityManagerFactoryBean [Thread-1] Closing JPA EntityManagerFactory for persistence unit 'default'
2022-05-20 18:54:38,789 INFO org.hibernate.tool.schema.internal.SchemaDropperImpl$DelayedDropActionImpl [Thread-1] HHH000477: Starting delayed evictData of schema as part of SessionFactory shut-down'
2022-05-20 18:58:11,219 INFO org.hibernate.validator.internal.util.Version [background-preinit] HV000001: Hibernate Validator 6.2.0.Final
2022-05-20 18:58:11,230 INFO org.springframework.boot.StartupInfoLogger [restartedMain] Starting RestFraudeApplication using Java 11.0.13 on DESKTOP-NILTSUQ with PID 11384 (C:\Users\Usuario\Desktop\Archivos de clases MircoS\RESTFraude\target\classes started by Usuario in C:\Users\Usuario\Desktop\Archivos de clases MircoS\RESTFraude)
2022-05-20 18:58:11,232 INFO org.springframework.boot.SpringApplication [restartedMain] No active profile set, falling back to default profiles: default
2022-05-20 18:58:11,280 INFO org.springframework.boot.logging.DeferredLog [restartedMain] Devtools property defaults active! Set 'spring.devtools.add-properties' to 'false' to disable
2022-05-20 18:58:11,280 INFO org.springframework.boot.logging.DeferredLog [restartedMain] For additional web related logging consider setting the 'logging.level.web' property to 'DEBUG'
2022-05-20 18:58:12,176 INFO org.springframework.data.repository.config.RepositoryConfigurationDelegate [restartedMain] Bootstrapping Spring Data JPA repositories in DEFAULT mode.
2022-05-20 18:58:12,363 INFO org.springframework.data.repository.config.RepositoryConfigurationDelegate [restartedMain] Finished Spring Data repository scanning in 179 ms. Found 1 JPA repository interfaces.
2022-05-20 18:58:12,654 INFO org.springframework.cloud.context.scope.GenericScope [restartedMain] BeanFactory id=25b59d1f-da82-3239-90ad-6a5ed2024dee
2022-05-20 18:58:13,508 INFO org.springframework.boot.web.embedded.tomcat.TomcatWebServer [restartedMain] Tomcat initialized with port(s): 0 (http)
2022-05-20 18:58:13,519 INFO org.apache.juli.logging.DirectJDKLog [restartedMain] Initializing ProtocolHandler ["http-nio-auto-1"]
2022-05-20 18:58:13,520 INFO org.apache.juli.logging.DirectJDKLog [restartedMain] Starting service [Tomcat]
2022-05-20 18:58:13,520 INFO org.apache.juli.logging.DirectJDKLog [restartedMain] Starting Servlet engine: [Apache Tomcat/9.0.56]
2022-05-20 18:58:13,660 INFO org.apache.juli.logging.DirectJDKLog [restartedMain] Initializing Spring embedded WebApplicationContext
2022-05-20 18:58:13,661 INFO org.springframework.boot.web.servlet.context.ServletWebServerApplicationContext [restartedMain] Root WebApplicationContext: initialization completed in 2380 ms
2022-05-20 18:58:13,712 INFO com.zaxxer.hikari.HikariDataSource [restartedMain] HikariPool-1 - Starting...
2022-05-20 18:58:13,907 INFO com.zaxxer.hikari.HikariDataSource [restartedMain] HikariPool-1 - Start completed.
2022-05-20 18:58:13,919 INFO org.springframework.boot.autoconfigure.h2.H2ConsoleAutoConfiguration [restartedMain] H2 console available at '/h2-console'. Database available at 'jdbc:h2:mem:fraudes'
2022-05-20 18:58:14,109 INFO org.hibernate.jpa.internal.util.LogHelper [restartedMain] HHH000204: Processing PersistenceUnitInfo [name: default]
2022-05-20 18:58:14,170 INFO org.hibernate.Version [restartedMain] HHH000412: Hibernate ORM core version 5.6.4.Final
2022-05-20 18:58:14,347 INFO org.hibernate.annotations.common.reflection.java.JavaReflectionManager [restartedMain] HCANN000001: Hibernate Commons Annotations {5.1.2.Final}
2022-05-20 18:58:14,490 INFO org.hibernate.dialect.Dialect [restartedMain] HHH000400: Using dialect: org.hibernate.dialect.H2Dialect
2022-05-20 18:58:15,220 INFO org.hibernate.engine.transaction.jta.platform.internal.JtaPlatformInitiator [restartedMain] HHH000490: Using JtaPlatform implementation: [org.hibernate.engine.transaction.jta.platform.internal.NoJtaPlatform]
2022-05-20 18:58:15,230 INFO org.springframework.orm.jpa.AbstractEntityManagerFactoryBean [restartedMain] Initialized JPA EntityManagerFactory for persistence unit 'default'
2022-05-20 18:58:15,371 WARN org.springframework.boot.autoconfigure.orm.jpa.JpaBaseConfiguration$JpaWebConfiguration [restartedMain] spring.jpa.open-in-view is enabled by default. Therefore, database queries may be performed during view rendering. Explicitly configure spring.jpa.open-in-view to disable this warning
2022-05-20 18:58:15,499 WARN org.springframework.boot.devtools.autoconfigure.OptionalLiveReloadServer [restartedMain] Unable to start LiveReload server
2022-05-20 18:58:17,166 INFO org.springframework.cloud.netflix.eureka.config.DiscoveryClientOptionalArgsConfiguration [restartedMain] Eureka HTTP Client uses RestTemplate.
2022-05-20 18:58:17,409 WARN org.springframework.cloud.loadbalancer.config.LoadBalancerCacheAutoConfiguration$LoadBalancerCaffeineWarnLogger [restartedMain] Spring Cloud LoadBalancer is currently working with the default cache. While this cache implementation is useful for development and tests, it's recommended to use Caffeine cache in production.You can switch to using Caffeine cache, by adding it and org.springframework.cache.caffeine.CaffeineCacheManager to the classpath.
2022-05-20 18:58:17,489 INFO org.apache.juli.logging.DirectJDKLog [restartedMain] Starting ProtocolHandler ["http-nio-auto-1"]
2022-05-20 18:58:17,508 INFO org.springframework.boot.web.embedded.tomcat.TomcatWebServer [restartedMain] Tomcat started on port(s): 62171 (http) with context path '/api/v1/rest-fraudes'
2022-05-20 18:58:17,509 INFO org.springframework.cloud.netflix.eureka.serviceregistry.EurekaAutoServiceRegistration [restartedMain] Updating port to 62171
2022-05-20 18:58:17,515 INFO org.springframework.cloud.netflix.eureka.InstanceInfoFactory [restartedMain] Setting initial instance status as: STARTING
2022-05-20 18:58:17,557 INFO com.netflix.discovery.DiscoveryClient [restartedMain] Initializing Eureka in region us-east-1
2022-05-20 18:58:17,563 INFO com.netflix.discovery.shared.resolver.aws.ConfigClusterResolver [restartedMain] Resolving eureka endpoints via configuration
2022-05-20 18:58:17,589 INFO com.netflix.discovery.DiscoveryClient [restartedMain] Disable delta property : false
2022-05-20 18:58:17,590 INFO com.netflix.discovery.DiscoveryClient [restartedMain] Single vip registry refresh property : null
2022-05-20 18:58:17,590 INFO com.netflix.discovery.DiscoveryClient [restartedMain] Force full registry fetch : false
2022-05-20 18:58:17,590 INFO com.netflix.discovery.DiscoveryClient [restartedMain] Application is null : false
2022-05-20 18:58:17,590 INFO com.netflix.discovery.DiscoveryClient [restartedMain] Registered Applications size is zero : true
2022-05-20 18:58:17,590 INFO com.netflix.discovery.DiscoveryClient [restartedMain] Application version is -1: true
2022-05-20 18:58:17,590 INFO com.netflix.discovery.DiscoveryClient [restartedMain] Getting all instance registry info from the eureka server
2022-05-20 18:58:17,923 INFO com.netflix.discovery.DiscoveryClient [restartedMain] The response status is 200
2022-05-20 18:58:17,925 INFO com.netflix.discovery.DiscoveryClient [restartedMain] Starting heartbeat executor: renew interval is: 30
2022-05-20 18:58:17,928 INFO com.netflix.discovery.InstanceInfoReplicator [restartedMain] InstanceInfoReplicator onDemand update allowed rate per min is 4
2022-05-20 18:58:17,933 INFO com.netflix.discovery.DiscoveryClient [restartedMain] Discovery Client initialized at timestamp 1653091097932 with initial instances count: 1
2022-05-20 18:58:17,943 INFO org.springframework.cloud.netflix.eureka.serviceregistry.EurekaServiceRegistry [restartedMain] Registering application API-FRAUDES with eureka with status UP
2022-05-20 18:58:17,944 INFO com.netflix.discovery.DiscoveryClient$3 [restartedMain] Saw local status change event StatusChangeEvent [timestamp=1653091097944, current=UP, previous=STARTING]
2022-05-20 18:58:17,946 INFO com.netflix.discovery.DiscoveryClient [DiscoveryClient-InstanceInfoReplicator-0] DiscoveryClient_API-FRAUDES/api-fraudes:bc51565791883a8bee47eddb9a347b19: registering service...
2022-05-20 18:58:17,986 INFO com.netflix.discovery.DiscoveryClient [DiscoveryClient-InstanceInfoReplicator-0] DiscoveryClient_API-FRAUDES/api-fraudes:bc51565791883a8bee47eddb9a347b19 - registration status: 204
2022-05-20 18:58:18,067 INFO org.springframework.boot.StartupInfoLogger [restartedMain] Started RestFraudeApplication in 7.386 seconds (JVM running for 8.49)
2022-05-20 18:59:10,543 INFO org.apache.juli.logging.DirectJDKLog [http-nio-auto-1-exec-1] Initializing Spring DispatcherServlet 'dispatcherServlet'
2022-05-20 18:59:10,543 INFO org.springframework.web.servlet.FrameworkServlet [http-nio-auto-1-exec-1] Initializing Servlet 'dispatcherServlet'
2022-05-20 18:59:10,545 INFO org.springframework.web.servlet.FrameworkServlet [http-nio-auto-1-exec-1] Completed initialization in 2 ms
2022-05-20 19:03:17,595 INFO com.netflix.discovery.shared.resolver.aws.ConfigClusterResolver [AsyncResolver-bootstrap-executor-0] Resolving eureka endpoints via configuration
2022-05-20 19:08:17,600 INFO com.netflix.discovery.shared.resolver.aws.ConfigClusterResolver [AsyncResolver-bootstrap-executor-0] Resolving eureka endpoints via configuration
2022-05-20 19:13:17,609 INFO com.netflix.discovery.shared.resolver.aws.ConfigClusterResolver [AsyncResolver-bootstrap-executor-0] Resolving eureka endpoints via configuration
2022-05-20 19:16:25,822 INFO com.ibm.academia.restapi.fraude.controladores.FraudeController [http-nio-auto-1-exec-4] error: com.ibm.academia.restapi.fraude.excepciones.IpBaneadaException: La ip 123.123.123.123 está baneada
2022-05-20 19:18:17,618 INFO com.netflix.discovery.shared.resolver.aws.ConfigClusterResolver [AsyncResolver-bootstrap-executor-0] Resolving eureka endpoints via configuration
2022-05-20 19:20:17,720 INFO org.springframework.cloud.netflix.eureka.serviceregistry.EurekaServiceRegistry [Thread-1] Unregistering application API-FRAUDES with eureka with status DOWN
2022-05-20 19:20:17,720 INFO com.netflix.discovery.DiscoveryClient$3 [Thread-1] Saw local status change event StatusChangeEvent [timestamp=1653092417720, current=DOWN, previous=UP]
2022-05-20 19:20:17,721 INFO com.netflix.discovery.DiscoveryClient [DiscoveryClient-InstanceInfoReplicator-0] DiscoveryClient_API-FRAUDES/api-fraudes:bc51565791883a8bee47eddb9a347b19: registering service...
2022-05-20 19:20:17,726 INFO com.netflix.discovery.DiscoveryClient [DiscoveryClient-InstanceInfoReplicator-0] DiscoveryClient_API-FRAUDES/api-fraudes:bc51565791883a8bee47eddb9a347b19 - registration status: 204
2022-05-20 19:20:17,823 INFO org.springframework.orm.jpa.AbstractEntityManagerFactoryBean [Thread-1] Closing JPA EntityManagerFactory for persistence unit 'default'
2022-05-20 19:20:17,823 INFO org.hibernate.tool.schema.internal.SchemaDropperImpl$DelayedDropActionImpl [Thread-1] HHH000477: Starting delayed evictData of schema as part of SessionFactory shut-down'
2022-05-20 19:20:18,036 WARN org.springframework.beans.factory.support.DisposableBeanAdapter [Thread-1] Invocation of destroy method failed on bean with name 'inMemoryDatabaseShutdownExecutor': org.h2.jdbc.JdbcSQLNonTransientConnectionException: La base de datos ya esta cerrada (para des-habilitar el cerrado automatico durante el shutdown de la VM, agregue ";DB_CLOSE_ON_EXIT=FALSE" a la URL de conexión)
Database is already closed (to disable automatic closing at VM shutdown, add ";DB_CLOSE_ON_EXIT=FALSE" to the db URL) [90121-200]
2022-05-20 19:20:18,037 INFO com.zaxxer.hikari.HikariDataSource [Thread-1] HikariPool-1 - Shutdown initiated...
2022-05-20 19:20:18,041 INFO com.zaxxer.hikari.HikariDataSource [Thread-1] HikariPool-1 - Shutdown completed.
2022-05-20 19:20:18,041 INFO com.netflix.discovery.DiscoveryClient [Thread-1] Shutting down DiscoveryClient ...
2022-05-20 19:20:21,048 WARN com.netflix.discovery.TimedSupervisorTask [DiscoveryClient-0] task supervisor shutting down, can't accept the task
2022-05-20 19:20:21,049 INFO com.netflix.discovery.DiscoveryClient [Thread-1] Unregistering ...
2022-05-20 19:20:21,052 INFO com.netflix.discovery.DiscoveryClient [Thread-1] DiscoveryClient_API-FRAUDES/api-fraudes:bc51565791883a8bee47eddb9a347b19 - deregister  status: 200
2022-05-20 19:20:21,056 INFO com.netflix.discovery.DiscoveryClient [Thread-1] Completed shut down of DiscoveryClient
2022-05-20 19:20:21,256 INFO org.springframework.boot.StartupInfoLogger [restartedMain] Starting RestFraudeApplication using Java 11.0.13 on DESKTOP-NILTSUQ with PID 11384 (C:\Users\Usuario\Desktop\Archivos de clases MircoS\RESTFraude\target\classes started by Usuario in C:\Users\Usuario\Desktop\Archivos de clases MircoS\RESTFraude)
2022-05-20 19:20:21,256 INFO org.springframework.boot.SpringApplication [restartedMain] No active profile set, falling back to default profiles: default
2022-05-20 19:20:21,592 INFO org.springframework.data.repository.config.RepositoryConfigurationDelegate [restartedMain] Bootstrapping Spring Data JPA repositories in DEFAULT mode.
2022-05-20 19:20:21,607 INFO org.springframework.data.repository.config.RepositoryConfigurationDelegate [restartedMain] Finished Spring Data repository scanning in 14 ms. Found 1 JPA repository interfaces.
2022-05-20 19:20:21,689 INFO org.springframework.cloud.context.scope.GenericScope [restartedMain] BeanFactory id=25b59d1f-da82-3239-90ad-6a5ed2024dee
2022-05-20 19:20:21,886 INFO org.springframework.boot.web.embedded.tomcat.TomcatWebServer [restartedMain] Tomcat initialized with port(s): 0 (http)
2022-05-20 19:20:21,886 INFO org.apache.juli.logging.DirectJDKLog [restartedMain] Initializing ProtocolHandler ["http-nio-auto-2"]
2022-05-20 19:20:21,887 INFO org.apache.juli.logging.DirectJDKLog [restartedMain] Starting service [Tomcat]
2022-05-20 19:20:21,887 INFO org.apache.juli.logging.DirectJDKLog [restartedMain] Starting Servlet engine: [Apache Tomcat/9.0.56]
2022-05-20 19:20:21,919 INFO org.apache.juli.logging.DirectJDKLog [restartedMain] Initializing Spring embedded WebApplicationContext
2022-05-20 19:20:21,919 INFO org.springframework.boot.web.servlet.context.ServletWebServerApplicationContext [restartedMain] Root WebApplicationContext: initialization completed in 659 ms
2022-05-20 19:20:21,949 INFO com.zaxxer.hikari.HikariDataSource [restartedMain] HikariPool-2 - Starting...
2022-05-20 19:20:21,951 INFO com.zaxxer.hikari.HikariDataSource [restartedMain] HikariPool-2 - Start completed.
2022-05-20 19:20:21,951 INFO org.springframework.boot.autoconfigure.h2.H2ConsoleAutoConfiguration [restartedMain] H2 console available at '/h2-console'. Database available at 'jdbc:h2:mem:fraudes'
2022-05-20 19:20:22,022 INFO org.hibernate.jpa.internal.util.LogHelper [restartedMain] HHH000204: Processing PersistenceUnitInfo [name: default]
2022-05-20 19:20:22,029 INFO org.hibernate.dialect.Dialect [restartedMain] HHH000400: Using dialect: org.hibernate.dialect.H2Dialect
2022-05-20 19:20:22,057 INFO org.hibernate.engine.transaction.jta.platform.internal.JtaPlatformInitiator [restartedMain] HHH000490: Using JtaPlatform implementation: [org.hibernate.engine.transaction.jta.platform.internal.NoJtaPlatform]
2022-05-20 19:20:22,058 INFO org.springframework.orm.jpa.AbstractEntityManagerFactoryBean [restartedMain] Initialized JPA EntityManagerFactory for persistence unit 'default'
2022-05-20 19:20:22,124 WARN org.springframework.boot.autoconfigure.orm.jpa.JpaBaseConfiguration$JpaWebConfiguration [restartedMain] spring.jpa.open-in-view is enabled by default. Therefore, database queries may be performed during view rendering. Explicitly configure spring.jpa.open-in-view to disable this warning
2022-05-20 19:20:22,208 WARN org.springframework.boot.devtools.autoconfigure.OptionalLiveReloadServer [restartedMain] Unable to start LiveReload server
2022-05-20 19:20:23,157 INFO org.springframework.cloud.netflix.eureka.config.DiscoveryClientOptionalArgsConfiguration [restartedMain] Eureka HTTP Client uses RestTemplate.
2022-05-20 19:20:23,335 WARN org.springframework.cloud.loadbalancer.config.LoadBalancerCacheAutoConfiguration$LoadBalancerCaffeineWarnLogger [restartedMain] Spring Cloud LoadBalancer is currently working with the default cache. While this cache implementation is useful for development and tests, it's recommended to use Caffeine cache in production.You can switch to using Caffeine cache, by adding it and org.springframework.cache.caffeine.CaffeineCacheManager to the classpath.
2022-05-20 19:20:23,370 INFO org.apache.juli.logging.DirectJDKLog [restartedMain] Starting ProtocolHandler ["http-nio-auto-2"]
2022-05-20 19:20:23,371 INFO org.springframework.boot.web.embedded.tomcat.TomcatWebServer [restartedMain] Tomcat started on port(s): 53533 (http) with context path '/api/v1/rest-fraudes'
2022-05-20 19:20:23,372 INFO org.springframework.cloud.netflix.eureka.serviceregistry.EurekaAutoServiceRegistration [restartedMain] Updating port to 53533
2022-05-20 19:20:23,373 INFO org.springframework.cloud.netflix.eureka.InstanceInfoFactory [restartedMain] Setting initial instance status as: STARTING
2022-05-20 19:20:23,381 INFO com.netflix.discovery.DiscoveryClient [restartedMain] Initializing Eureka in region us-east-1
2022-05-20 19:20:23,381 INFO com.netflix.discovery.shared.resolver.aws.ConfigClusterResolver [restartedMain] Resolving eureka endpoints via configuration
2022-05-20 19:20:23,389 INFO com.netflix.discovery.DiscoveryClient [restartedMain] Disable delta property : false
2022-05-20 19:20:23,390 INFO com.netflix.discovery.DiscoveryClient [restartedMain] Single vip registry refresh property : null
2022-05-20 19:20:23,390 INFO com.netflix.discovery.DiscoveryClient [restartedMain] Force full registry fetch : false
2022-05-20 19:20:23,390 INFO com.netflix.discovery.DiscoveryClient [restartedMain] Application is null : false
2022-05-20 19:20:23,390 INFO com.netflix.discovery.DiscoveryClient [restartedMain] Registered Applications size is zero : true
2022-05-20 19:20:23,390 INFO com.netflix.discovery.DiscoveryClient [restartedMain] Application version is -1: true
2022-05-20 19:20:23,390 INFO com.netflix.discovery.DiscoveryClient [restartedMain] Getting all instance registry info from the eureka server
2022-05-20 19:20:23,407 INFO com.netflix.discovery.DiscoveryClient [restartedMain] The response status is 200
2022-05-20 19:20:23,408 INFO com.netflix.discovery.DiscoveryClient [restartedMain] Starting heartbeat executor: renew interval is: 30
2022-05-20 19:20:23,409 INFO com.netflix.discovery.InstanceInfoReplicator [restartedMain] InstanceInfoReplicator onDemand update allowed rate per min is 4
2022-05-20 19:20:23,409 INFO com.netflix.discovery.DiscoveryClient [restartedMain] Discovery Client initialized at timestamp 1653092423409 with initial instances count: 2
2022-05-20 19:20:23,419 INFO org.springframework.cloud.netflix.eureka.serviceregistry.EurekaServiceRegistry [restartedMain] Registering application API-FRAUDES with eureka with status UP
2022-05-20 19:20:23,419 INFO com.netflix.discovery.DiscoveryClient$3 [restartedMain] Saw local status change event StatusChangeEvent [timestamp=1653092423419, current=UP, previous=STARTING]
2022-05-20 19:20:23,419 INFO com.netflix.discovery.DiscoveryClient [DiscoveryClient-InstanceInfoReplicator-0] DiscoveryClient_API-FRAUDES/api-fraudes:21c7b9891245aa84278c41b0f5f8da47: registering service...
2022-05-20 19:20:23,429 INFO com.netflix.discovery.DiscoveryClient [DiscoveryClient-InstanceInfoReplicator-0] DiscoveryClient_API-FRAUDES/api-fraudes:21c7b9891245aa84278c41b0f5f8da47 - registration status: 204
2022-05-20 19:20:23,514 INFO org.springframework.boot.StartupInfoLogger [restartedMain] Started RestFraudeApplication in 2.393 seconds (JVM running for 1333.937)
2022-05-20 19:20:23,517 INFO org.springframework.boot.devtools.autoconfigure.ConditionEvaluationDeltaLoggingListener [restartedMain] Condition evaluation unchanged
2022-05-20 19:21:22,412 INFO org.apache.juli.logging.DirectJDKLog [http-nio-auto-2-exec-1] Initializing Spring DispatcherServlet 'dispatcherServlet'
2022-05-20 19:21:22,412 INFO org.springframework.web.servlet.FrameworkServlet [http-nio-auto-2-exec-1] Initializing Servlet 'dispatcherServlet'
2022-05-20 19:21:22,414 INFO org.springframework.web.servlet.FrameworkServlet [http-nio-auto-2-exec-1] Completed initialization in 2 ms
2022-05-20 19:22:13,611 INFO org.springframework.boot.admin.SpringApplicationAdminMXBeanRegistrar$SpringApplicationAdmin [RMI TCP Connection(34)-127.0.0.1] Application shutdown requested.
2022-05-20 19:22:13,611 INFO org.springframework.cloud.netflix.eureka.serviceregistry.EurekaServiceRegistry [RMI TCP Connection(34)-127.0.0.1] Unregistering application API-FRAUDES with eureka with status DOWN
2022-05-20 19:22:13,612 INFO com.netflix.discovery.DiscoveryClient$3 [RMI TCP Connection(34)-127.0.0.1] Saw local status change event StatusChangeEvent [timestamp=1653092533612, current=DOWN, previous=UP]
2022-05-20 19:22:13,612 INFO com.netflix.discovery.DiscoveryClient [DiscoveryClient-InstanceInfoReplicator-0] DiscoveryClient_API-FRAUDES/api-fraudes:21c7b9891245aa84278c41b0f5f8da47: registering service...
2022-05-20 19:22:13,629 INFO com.netflix.discovery.DiscoveryClient [DiscoveryClient-InstanceInfoReplicator-0] DiscoveryClient_API-FRAUDES/api-fraudes:21c7b9891245aa84278c41b0f5f8da47 - registration status: 204
2022-05-20 19:22:13,681 INFO org.springframework.orm.jpa.AbstractEntityManagerFactoryBean [RMI TCP Connection(34)-127.0.0.1] Closing JPA EntityManagerFactory for persistence unit 'default'
2022-05-20 19:22:13,681 INFO org.hibernate.tool.schema.internal.SchemaDropperImpl$DelayedDropActionImpl [RMI TCP Connection(34)-127.0.0.1] HHH000477: Starting delayed evictData of schema as part of SessionFactory shut-down'
2022-05-20 19:22:13,894 WARN org.springframework.beans.factory.support.DisposableBeanAdapter [RMI TCP Connection(34)-127.0.0.1] Invocation of destroy method failed on bean with name 'inMemoryDatabaseShutdownExecutor': org.h2.jdbc.JdbcSQLNonTransientConnectionException: La base de datos ya esta cerrada (para des-habilitar el cerrado automatico durante el shutdown de la VM, agregue ";DB_CLOSE_ON_EXIT=FALSE" a la URL de conexión)
Database is already closed (to disable automatic closing at VM shutdown, add ";DB_CLOSE_ON_EXIT=FALSE" to the db URL) [90121-200]
2022-05-20 19:22:13,895 INFO com.zaxxer.hikari.HikariDataSource [RMI TCP Connection(34)-127.0.0.1] HikariPool-2 - Shutdown initiated...
2022-05-20 19:22:13,941 INFO com.zaxxer.hikari.HikariDataSource [RMI TCP Connection(34)-127.0.0.1] HikariPool-2 - Shutdown completed.
2022-05-20 19:22:13,941 INFO com.netflix.discovery.DiscoveryClient [RMI TCP Connection(34)-127.0.0.1] Shutting down DiscoveryClient ...
2022-05-20 19:22:16,956 INFO com.netflix.discovery.DiscoveryClient [RMI TCP Connection(34)-127.0.0.1] Unregistering ...
2022-05-20 19:22:16,972 INFO com.netflix.discovery.DiscoveryClient [RMI TCP Connection(34)-127.0.0.1] DiscoveryClient_API-FRAUDES/api-fraudes:21c7b9891245aa84278c41b0f5f8da47 - deregister  status: 200
2022-05-20 19:22:16,975 INFO com.netflix.discovery.DiscoveryClient [RMI TCP Connection(34)-127.0.0.1] Completed shut down of DiscoveryClient
